 
****************************************
Report : area
Design : multiplier_mc
Version: S-2021.06-SP2
Date   : Sat Jul 11 18:47:33 2026
****************************************

Library(s) Used:

    saed32rvt_tt1p05v25c (File: /pdk/SAED32_EDK/lib/stdcell_rvt/db_nldm/saed32rvt_tt1p05v25c.db)

Number of ports:                          450
Number of nets:                          4029
Number of cells:                         2748
Number of combinational cells:           2609
Number of sequential cells:               133
Number of macros/black boxes:               0
Number of buf/inv:                        224
Number of references:                      11

Combinational area:               8149.889759
Buf/Inv area:                      421.116627
Noncombinational area:             946.432272
Macro/Black Box area:                0.000000
Net Interconnect area:            1548.311210

Total cell area:                  9096.322031
Total area:                      10644.633241
1
