
                           Design Compiler Graphical 
                                 DC Ultra (TM)
                                  DFTMAX (TM)
                              Power Compiler (TM)
                                 DesignWare (R)
                                 DC Expert (TM)
                               Design Vision (TM)
                               HDL Compiler (TM)
                               VHDL Compiler (TM)
                                  DFT Compiler
                               Design Compiler(R)

               Version S-2021.06-SP2 for linux64 - Aug 24, 2021 

                    Copyright (c) 1988 - 2021 Synopsys, Inc.
   This software and the associated documentation are proprietary to Synopsys,
 Inc. This software may only be used in accordance with the terms and conditions
 of a written license agreement with Synopsys, Inc. All other use, reproduction,
   or distribution of this software is strictly prohibited.  Licensed Products
     communicate with Synopsys servers for the purpose of providing software
    updates, detecting software piracy and verifying that customers are using
    Licensed Products in conformity with the applicable License Key for such
  Licensed Products. Synopsys will use information gathered in connection with
    this process to deliver software updates and pursue software pirates and
                                   infringers.

 Inclusivity & Diversity - Visit SolvNetPlus to read the "Synopsys Statement on
            Inclusivity and Diversity" (Refer to article 000036315 at
                        https://solvnetplus.synopsys.com)
Initializing...
Initializing gui preferences from file  /home/cheeren/.synopsys_dc_gui/preferences.tcl
read_verilog ../../multiplier.v
Loading db file '/pdk/SAED32_EDK/lib/stdcell_rvt/db_nldm/saed32rvt_tt1p05v25c.db'
Loading db file '/synopsys/syn/S-2021.06-SP2/libraries/syn/gtech.db'
Loading db file '/synopsys/syn/S-2021.06-SP2/libraries/syn/standard.sldb'
  Loading link library 'saed32rvt_tt1p05v25c'
  Loading link library 'gtech'
Loading verilog file '/home/cheeren/Desktop/module4_new/multiplier.v'
Detecting input file type automatically (-rtl or -netlist).
Reading with Presto HDL Compiler (equivalent to -rtl option).
Running PRESTO HDLC
Compiling source file /home/cheeren/Desktop/module4_new/multiplier.v

Inferred memory devices in process
	in routine multiplier_32 line 15 in file
		'/home/cheeren/Desktop/module4_new/multiplier.v'.
===============================================================================
|    Register Name    |   Type    | Width | Bus | MB | AR | AS | SR | SS | ST |
===============================================================================
|     result_reg      | Flip-flop |  64   |  Y  | N  | Y  | N  | N  | N  | N  |
|      valid_reg      | Flip-flop |   1   |  N  | N  | Y  | N  | N  | N  | N  |
|    start_reg_reg    | Flip-flop |   1   |  N  | N  | Y  | N  | N  | N  | N  |
|      b_reg_reg      | Flip-flop |  32   |  Y  | N  | Y  | N  | N  | N  | N  |
|      a_reg_reg      | Flip-flop |  32   |  Y  | N  | Y  | N  | N  | N  | N  |
===============================================================================
Presto compilation completed successfully.
Current design is now '/home/cheeren/Desktop/module4_new/multiplier_32.db:multiplier_32'
Loaded 1 design.
Current design is 'multiplier_32'.
multiplier_32
current_design multiplier_32
Current design is 'multiplier_32'.
{multiplier_32}
link

  Linking design 'multiplier_32'
  Using the following designs and libraries:
  --------------------------------------------------------------------------
  multiplier_32               /home/cheeren/Desktop/module4_new/multiplier_32.db
  saed32rvt_tt1p05v25c (library) /pdk/SAED32_EDK/lib/stdcell_rvt/db_nldm/saed32rvt_tt1p05v25c.db

1
source scripts/constraints.tcl
1
check_design
 
****************************************
check_design summary:
Version:     S-2021.06-SP2
Date:        Sat Jul 11 16:46:17 2026
****************************************

                   Name                                            Total
--------------------------------------------------------------------------------
Cells                                                               1
    Cells do not drive (LINT-1)                                     1
--------------------------------------------------------------------------------

Warning: In design 'multiplier_32', cell 'B_0' does not drive any nets. (LINT-1)
1
compile
Information: Evaluating DesignWare library utilization. (UISN-27)

============================================================================
| DesignWare Building Block Library  |         Version         | Available |
============================================================================
| Basic DW Building Blocks           | S-2021.06-DWBB_202106.2 |     *     |
| Licensed DW Building Blocks        |                         |           |
============================================================================


Information: There are 1 potential problems in your design. Please run 'check_design' for more information. (LINT-99)



  Beginning Pass 1 Mapping
  ------------------------
  Processing 'multiplier_32'

  Updating timing information
Information: Updating design information... (UID-85)

  Beginning Implementation Selection
  ----------------------------------
  Allocating blocks in 'DW02_mult_A_width32_B_width32'
  Building model 'DW01_MUX'
  Processing 'DW01_MUX'
  Building model 'DW01_mmux_width2'
  Processing 'DW01_mmux_width2'
  Building model 'DW01_mmux_width3'
  Processing 'DW01_mmux_width3'
  Building model 'DW01_mmux_width4'
  Processing 'DW01_mmux_width4'
  Building model 'DW01_mmux_width5'
  Processing 'DW01_mmux_width5'
  Building model 'DW01_NAND2'
  Processing 'DW01_NAND2'
  Building model 'DW01_add_width62' (cla)
  Processing 'DW01_add_width62'
  Building model 'DW02_mult_A_width32_B_width32' (csa)
  Processing 'DW02_mult_A_width32_B_width32'
  Processing 'multiplier_32_DW02_mult_0'
  Processing 'multiplier_32_DW01_add_0'

  Beginning Mapping Optimizations  (Medium effort)
  -------------------------------
  Mapping Optimization (Phase 1)

                                  TOTAL                                      
   ELAPSED            WORST NEG   SETUP    DESIGN                            
    TIME      AREA      SLACK     COST    RULE COST         ENDPOINT         
  --------- --------- --------- --------- --------- -------------------------
    0:00:04   11074.6      3.33     141.8       0.0                          
    0:00:04   11038.7      3.33     141.8     162.4                          
    0:00:04   11038.7      3.33     141.8     162.4                          
    0:00:04   11030.6      3.30     141.2     162.4                          
    0:00:04   11030.6      3.30     141.2     162.4                          
    0:00:05    9104.7      3.35     139.7     140.4                          
    0:00:05    9086.7      3.29     138.8     140.4                          
    0:00:05    9075.5      3.29     138.8     140.4                          
    0:00:05    9075.5      3.29     138.8     140.4                          
    0:00:05    9075.5      3.29     138.8     140.4                          
    0:00:05    9075.5      3.29     138.8     140.4                          
    0:00:05    9075.5      3.29     138.8     140.4                          
    0:00:05    9077.3      3.29     138.8       0.0                          
    0:00:05    9077.3      3.29     138.8       0.0                          
    0:00:05    9077.3      3.29     138.8       0.0                          
    0:00:05    9077.3      3.29     138.8       0.0                          



  Beginning Delay Optimization Phase
  ----------------------------------

                                  TOTAL                                      
   ELAPSED            WORST NEG   SETUP    DESIGN                            
    TIME      AREA      SLACK     COST    RULE COST         ENDPOINT         
  --------- --------- --------- --------- --------- -------------------------
    0:00:05    9077.3      3.29     138.8       0.0                          
    0:00:05    9088.7      3.28     137.7       0.0 result_reg[48]/D         
    0:00:05    9107.0      3.26     137.5       0.0 result_reg[63]/D         
    0:00:05    9119.7      3.26     137.4       0.0 result_reg[60]/D         
    0:00:05    9124.3      3.25     137.3       0.0 result_reg[59]/D         
    0:00:05    9148.4      3.25     137.2       0.0 result_reg[53]/D         
    0:00:05    9163.2      3.23     137.0       0.0 result_reg[59]/D         
    0:00:05    9160.1      3.23     136.8       0.0 result_reg[52]/D         
    0:00:05    9159.9      3.23     136.8       0.0 result_reg[59]/D         
    0:00:05    9175.9      3.22     136.7       0.0 result_reg[60]/D         
    0:00:05    9184.8      3.22     136.7       0.0 result_reg[59]/D         
    0:00:05    9188.1      3.22     136.6       0.0 result_reg[53]/D         
    0:00:06    9189.8      3.21     136.5       0.0 result_reg[53]/D         
    0:00:06    9190.9      3.21     136.4       0.0                          
    0:00:06    9187.6      3.21     136.4       0.0                          
    0:00:06    9217.5      3.21     136.3       0.0 result_reg[59]/D         
    0:00:06    9243.7      3.21     136.3       0.0 result_reg[59]/D         
    0:00:06    9256.7      3.21     136.3       0.0 result_reg[59]/D         
    0:00:06    9263.3      3.20     136.3       0.0 result_reg[59]/D         
    0:00:06    9261.0      3.20     136.3       0.0 result_reg[59]/D         
    0:00:07    9261.3      3.20     136.2       0.0                          
    0:00:07    9261.5      3.20     136.2       0.0                          
    0:00:07    9260.8      3.20     136.0       0.0                          
    0:00:07    9265.3      3.20     136.0       0.0                          
    0:00:07    9265.3      3.20     136.0       0.0                          
    0:00:07    9266.1      3.20     136.0       0.0                          
    0:00:07    9264.6      3.20     136.0       0.0                          
    0:00:07    9288.5      3.20     135.9       0.0                          
    0:00:07    9323.5      3.20     135.9       0.0                          
    0:00:07    9323.5      3.20     135.9       0.0                          


  Beginning Area-Recovery Phase  (cleanup)
  -----------------------------

                                  TOTAL                                      
   ELAPSED            WORST NEG   SETUP    DESIGN                            
    TIME      AREA      SLACK     COST    RULE COST         ENDPOINT         
  --------- --------- --------- --------- --------- -------------------------
    0:00:07    9323.5      3.20     135.9       0.0                          
    0:00:07    9323.5      3.20     135.9       0.0                          
    0:00:07    9181.2      3.20     135.6       0.0                          
    0:00:07    9180.4      3.20     135.6       0.0                          
    0:00:07    9180.4      3.20     135.6       0.0                          
    0:00:07    9180.4      3.20     135.6       0.0                          
    0:00:07    9180.4      3.20     135.6       0.0                          
    0:00:07    9039.6      3.20     135.6       0.0                          
    0:00:07    9028.0      3.20     135.6       0.0                          
    0:00:07    9028.0      3.20     135.6       0.0                          
    0:00:07    9028.0      3.20     135.6       0.0                          
    0:00:07    9028.0      3.20     135.6       0.0                          
    0:00:07    9028.0      3.20     135.6       0.0                          
    0:00:07    9028.0      3.20     135.6       0.0                          
    0:00:07    9027.4      3.20     135.6       0.0                          
    0:00:08    9019.1      3.20     135.6       0.0                          
    0:00:08    9019.1      3.20     135.6       0.0                          
    0:00:08    9019.1      3.20     135.6       0.0                          
    0:00:08    9019.1      3.20     135.6       0.0                          
    0:00:08    9038.1      3.20     135.5       0.0                          
    0:00:08    9038.1      3.20     135.5       0.0                          
    0:00:08    9038.1      3.20     135.5       0.0 result_reg[59]/D         
Loading db file '/pdk/SAED32_EDK/lib/stdcell_rvt/db_nldm/saed32rvt_tt1p05v25c.db'


Note: Symbol # after min delay cost means estimated hold TNS across all active scenarios 


  Optimization Complete
  ---------------------
1
write -f ddc -hierarchy -out netlist/mul32_single.ddc
Writing ddc file 'netlist/mul32_single.ddc'.
1
write -f verilog -hierarchy -out netlist/mul32_single_netlist.v
Writing verilog file '/home/cheeren/Desktop/module4_new/2_synthesis/single/netlist/mul32_single_netlist.v'.
Warning: Verilog 'assign' or 'tran' statements are written out. (VO-4)
1
write_sdf netlist/mul32_single.sdf
Information: Annotated 'cell' delays are assumed to include load delay. (UID-282)
Information: Writing timing information to file '/home/cheeren/Desktop/module4_new/2_synthesis/single/netlist/mul32_single.sdf'. (WT-3)
Information: Updating design information... (UID-85)
1
redirect -file reports/area.rpt { report_area }
redirect -file reports/timing.rpt { report_timing -max_paths 10 }
redirect -file reports/clock.rpt { report_clock }
redirect -file reports/cell.rpt { report_cell }
redirect -file reports/qor.rpt { report_qor }
redirect -file reports/constraint.rpt { report_constraint -all_violators }
exit

Memory usage for this session 190 Mbytes.
Memory usage for this session including child processes 190 Mbytes.
CPU usage for this session 10 seconds ( 0.00 hours ).
Elapsed time for this session 16 seconds ( 0.00 hours ).

Thank you...
