Command: vcs -full64 -sverilog -timescale=1ns/1ps -debug_access+all ../../multiplier.v \
../../tb_multiplier.v -o simv -l compile.log
                         Chronologic VCS (TM)
        Version Q-2020.03-1_Full64 -- Sat Jul 11 16:39:20 2026
               Copyright (c) 1991-2020 by Synopsys Inc.
                         ALL RIGHTS RESERVED

This program is proprietary and confidential information of Synopsys Inc.
and may be used and disclosed only as authorized in a license agreement
controlling such use and disclosure.

Parsing design file '../../multiplier.v'
Parsing design file '../../tb_multiplier.v'
Top Level Modules:
       tb_multiplier
TimeScale is 1 ns / 1 ps
Starting vcs inline pass...

1 module and 0 UDP read.
recompiling module tb_multiplier
rm -f _cuarc*.so _csrc*.so pre_vcsobj_*.so share_vcsobj_*.so
ld -shared  -Bsymbolic  -o .//../simv.daidir//_cuarc0.so objs/amcQw_d.o 
rm -f _cuarc0.so
if [ -x ../simv ]; then chmod a-x ../simv; fi
g++  -o ../simv    -rdynamic  -Wl,-rpath='$ORIGIN'/simv.daidir -Wl,-rpath=./simv.daidir \
-Wl,-rpath=/synopsys/vcs/Q-2020.03-1/linux64/lib -L/synopsys/vcs/Q-2020.03-1/linux64/lib \
-Wl,-rpath-link=./     _15713_archive_1.so _prev_archive_1.so _cuarc0.so  SIM_l.o \
rmapats_mop.o rmapats.o rmar.o rmar_nd.o  rmar_llvm_0_1.o rmar_llvm_0_0.o        \
-lnuma -lvirsim -lerrorinf -lsnpsmalloc -lvfs    -lvcsnew -lsimprofile -luclinative \
/synopsys/vcs/Q-2020.03-1/linux64/lib/vcs_tls.o   -Wl,-whole-archive -lvcsucli -Wl,-no-whole-archive \
_vcs_pli_stub_.o   /synopsys/vcs/Q-2020.03-1/linux64/lib/vcs_save_restore_new.o /synopsys/verdi/Q-2020.03-1/share/PLI/VCS/LINUX64/pli.a \
-ldl  -lc -lm -lpthread -ldl 
../simv up to date
CPU time: .220 seconds to compile + .172 seconds to elab + .136 seconds to link
