 
****************************************
Report : area
Design : multiplier_32
Version: S-2021.06-SP2
Date   : Sat Jul 11 16:46:27 2026
****************************************

Library(s) Used:

    saed32rvt_tt1p05v25c (File: /pdk/SAED32_EDK/lib/stdcell_rvt/db_nldm/saed32rvt_tt1p05v25c.db)

Number of ports:                          449
Number of nets:                          4026
Number of cells:                         2750
Number of combinational cells:           2614
Number of sequential cells:               130
Number of macros/black boxes:               0
Number of buf/inv:                        247
Number of references:                       4

Combinational area:               8113.038888
Buf/Inv area:                      498.376406
Noncombinational area:             925.084176
Macro/Black Box area:                0.000000
Net Interconnect area:            1527.325152

Total cell area:                  9038.123064
Total area:                      10565.448216
1
