 
****************************************
Report : constraint
        -all_violators
Design : multiplier_32
Version: S-2021.06-SP2
Date   : Sat Jul 11 16:46:27 2026
****************************************


   max_delay/setup ('clk' group)

                             Required        Actual
   Endpoint                 Path Delay     Path Delay        Slack
   -----------------------------------------------------------------
   result_reg[59]/D             0.97           4.17 r        -3.20  (VIOLATED)
   result_reg[51]/D             0.97           4.17 r        -3.20  (VIOLATED)
   result_reg[47]/D             0.97           4.16 r        -3.20  (VIOLATED)
   result_reg[48]/D             0.97           4.16 r        -3.20  (VIOLATED)
   result_reg[60]/D             0.97           4.16 r        -3.19  (VIOLATED)
   result_reg[45]/D             0.97           4.16 r        -3.19  (VIOLATED)
   result_reg[43]/D             0.97           4.16 r        -3.19  (VIOLATED)
   result_reg[49]/D             0.97           4.16 r        -3.19  (VIOLATED)
   result_reg[44]/D             0.97           4.15 r        -3.19  (VIOLATED)
   result_reg[61]/D             0.98           4.17 f        -3.18  (VIOLATED)
   result_reg[53]/D             0.97           4.15 r        -3.18  (VIOLATED)
   result_reg[56]/D             0.97           4.15 r        -3.18  (VIOLATED)
   result_reg[54]/D             0.97           4.15 r        -3.18  (VIOLATED)
   result_reg[55]/D             0.97           4.15 r        -3.18  (VIOLATED)
   result_reg[57]/D             0.98           4.16 f        -3.18  (VIOLATED)
   result_reg[52]/D             0.98           4.16 f        -3.18  (VIOLATED)
   result_reg[58]/D             0.97           4.13 r        -3.16  (VIOLATED)
   result_reg[39]/D             0.97           4.13 r        -3.16  (VIOLATED)
   result_reg[46]/D             0.97           4.13 r        -3.16  (VIOLATED)
   result_reg[63]/D             0.98           4.14 f        -3.16  (VIOLATED)
   result_reg[40]/D             0.97           4.12 r        -3.15  (VIOLATED)
   result_reg[41]/D             0.97           4.12 r        -3.15  (VIOLATED)
   result_reg[37]/D             0.97           4.11 r        -3.14  (VIOLATED)
   result_reg[42]/D             0.97           4.11 r        -3.14  (VIOLATED)
   result_reg[62]/D             0.97           4.11 r        -3.14  (VIOLATED)
   result_reg[50]/D             0.97           4.10 r        -3.13  (VIOLATED)
   result_reg[36]/D             0.97           4.07 r        -3.10  (VIOLATED)
   result_reg[38]/D             0.97           4.06 r        -3.09  (VIOLATED)
   result_reg[35]/D             0.97           3.99 r        -3.02  (VIOLATED)
   result_reg[34]/D             0.97           3.93 r        -2.96  (VIOLATED)
   result_reg[33]/D             0.97           3.84 r        -2.87  (VIOLATED)
   result_reg[32]/D             0.97           3.77 r        -2.80  (VIOLATED)
   result_reg[31]/D             0.97           3.70 r        -2.73  (VIOLATED)
   result_reg[30]/D             0.97           3.60 r        -2.63  (VIOLATED)
   result_reg[29]/D             0.97           3.49 r        -2.52  (VIOLATED)
   result_reg[28]/D             0.97           3.39 r        -2.42  (VIOLATED)
   result_reg[27]/D             0.97           3.28 r        -2.31  (VIOLATED)
   result_reg[26]/D             0.97           3.17 r        -2.20  (VIOLATED)
   result_reg[25]/D             0.97           3.06 r        -2.09  (VIOLATED)
   result_reg[24]/D             0.97           2.94 r        -1.97  (VIOLATED)
   result_reg[23]/D             0.97           2.83 r        -1.86  (VIOLATED)
   result_reg[22]/D             0.97           2.72 r        -1.75  (VIOLATED)
   result_reg[21]/D             0.97           2.60 r        -1.63  (VIOLATED)
   result_reg[20]/D             0.97           2.49 r        -1.52  (VIOLATED)
   result_reg[19]/D             0.97           2.38 r        -1.41  (VIOLATED)
   result_reg[18]/D             0.97           2.26 r        -1.29  (VIOLATED)
   result_reg[17]/D             0.97           2.15 r        -1.18  (VIOLATED)
   result_reg[16]/D             0.97           2.04 r        -1.07  (VIOLATED)
   result_reg[15]/D             0.97           1.92 r        -0.95  (VIOLATED)
   result_reg[14]/D             0.97           1.81 r        -0.84  (VIOLATED)
   result_reg[13]/D             0.97           1.70 r        -0.73  (VIOLATED)
   result_reg[12]/D             0.97           1.58 r        -0.61  (VIOLATED)
   result_reg[11]/D             0.97           1.47 r        -0.50  (VIOLATED)
   result_reg[10]/D             0.97           1.36 r        -0.39  (VIOLATED)
   result_reg[9]/D              0.97           1.24 r        -0.27  (VIOLATED)
   result_reg[8]/D              0.97           1.15 r        -0.18  (VIOLATED)
   result_reg[7]/D              0.97           1.05 r        -0.08  (VIOLATED)


1
