 
****************************************
Report : qor
Design : multiplier_32
Version: S-2021.06-SP2
Date   : Sat Jul 11 16:46:27 2026
****************************************


  Timing Path Group 'clk'
  -----------------------------------
  Levels of Logic:              43.00
  Critical Path Length:          4.17
  Critical Path Slack:          -3.20
  Critical Path Clk Period:      1.00
  Total Negative Slack:       -135.47
  No. of Violating Paths:       57.00
  Worst Hold Violation:          0.00
  Total Hold Violation:          0.00
  No. of Hold Violations:        0.00
  -----------------------------------


  Cell Count
  -----------------------------------
  Hierarchical Cell Count:          2
  Hierarchical Port Count:        317
  Leaf Cell Count:               2744
  Buf/Inv Cell Count:             247
  Buf Cell Count:                 210
  Inv Cell Count:                  37
  CT Buf/Inv Cell Count:            0
  Combinational Cell Count:      2614
  Sequential Cell Count:          130
  Macro Count:                      0
  -----------------------------------


  Area
  -----------------------------------
  Combinational Area:     8113.038888
  Noncombinational Area:   925.084176
  Buf/Inv Area:            498.376406
  Total Buffer Area:           432.55
  Total Inverter Area:          65.82
  Macro/Black Box Area:      0.000000
  Net Area:               1527.325152
  -----------------------------------
  Cell Area:              9038.123064
  Design Area:           10565.448216


  Design Rules
  -----------------------------------
  Total Number of Nets:          3744
  Nets With Violations:             0
  Max Trans Violations:             0
  Max Cap Violations:               0
  -----------------------------------


  Hostname: icdesign21

  Compile CPU Statistics
  -----------------------------------------
  Resource Sharing:                    1.85
  Logic Optimization:                  2.26
  Mapping Optimization:                3.95
  -----------------------------------------
  Overall Compile Time:                8.74
  Overall Compile Wall Clock Time:     9.00

  --------------------------------------------------------------------

  Design  WNS: 3.20  TNS: 135.47  Number of Violating Paths: 57


  Design (Hold)  WNS: 0.00  TNS: 0.00  Number of Violating Paths: 0

  --------------------------------------------------------------------


1
