Command: vcs -full64 -sverilog -timescale=1ns/1ps -debug_access+all /pdk/SAED32_EDK/lib/stdcell_rvt/verilog/saed32nm.v \
mul32_mc_netlist.v tb_multiplier_mc_gate.v -o simv_mc_gate -l compile_mc_gate.log \

                         Chronologic VCS (TM)
        Version Q-2020.03-1_Full64 -- Sat Jul 11 21:04:59 2026
               Copyright (c) 1991-2020 by Synopsys Inc.
                         ALL RIGHTS RESERVED

This program is proprietary and confidential information of Synopsys Inc.
and may be used and disclosed only as authorized in a license agreement
controlling such use and disclosure.

Parsing design file '/pdk/SAED32_EDK/lib/stdcell_rvt/verilog/saed32nm.v'
Parsing design file 'mul32_mc_netlist.v'
Parsing design file 'tb_multiplier_mc_gate.v'
Top Level Modules:
       AND2X2_RVT
       AND2X4_RVT
       AND3X1_RVT
       AND3X2_RVT
       AND3X4_RVT
       AND4X2_RVT
       AND4X4_RVT
       ANTENNA_RVT
       AO21X2_RVT
       AO221X2_RVT
       AO222X1_RVT
       AO222X2_RVT
       AO22X2_RVT
       AOBUFX1_RVT
       AOBUFX2_RVT
       AOBUFX4_RVT
       AODFFARX1_RVT
       AODFFARX2_RVT
       AODFFNARX1_RVT
       AODFFNARX2_RVT
       AOI21X2_RVT
       AOI221X1_RVT
       AOI221X2_RVT
       AOI222X1_RVT
       AOI222X2_RVT
       AOI22X1_RVT
       AOI22X2_RVT
       AOINVX1_RVT
       AOINVX2_RVT
       AOINVX4_RVT
       BSLEX1_RVT
       BSLEX2_RVT
       BSLEX4_RVT
       BUSKP_RVT
       CGLNPRX2_RVT
       CGLNPRX8_RVT
       CGLNPSX16_RVT
       CGLNPSX2_RVT
       CGLNPSX4_RVT
       CGLNPSX8_RVT
       CGLPPRX2_RVT
       CGLPPRX8_RVT
       CGLPPSX16_RVT
       CGLPPSX2_RVT
       CGLPPSX4_RVT
       CGLPPSX8_RVT
       CLOAD1_RVT
       DCAP_RVT
       DEC24X1_RVT
       DEC24X2_RVT
       DELLN1X2_RVT
       DELLN2X2_RVT
       DELLN3X2_RVT
       DFFARX2_RVT
       DFFASRX1_RVT
       DFFASRX2_RVT
       DFFASX1_RVT
       DFFASX2_RVT
       DFFNARX1_RVT
       DFFNARX2_RVT
       DFFNASRNX1_RVT
       DFFNASRNX2_RVT
       DFFNASRQX1_RVT
       DFFNASRQX2_RVT
       DFFNASRX1_RVT
       DFFNASRX2_RVT
       DFFNASX1_RVT
       DFFNASX2_RVT
       DFFNX1_RVT
       DFFNX2_RVT
       DFFSSRX1_RVT
       DFFSSRX2_RVT
       DFFX1_RVT
       DFFX2_RVT
       DHFILLHL2_RVT
       DHFILLHLHLS11_RVT
       DHFILLH2_RVT
       FADDX2_RVT
       HADDX1_RVT
       HADDX2_RVT
       FOOT2X16_RVT
       FOOT2X2_RVT
       FOOT2X32_RVT
       FOOT2X4_RVT
       FOOT2X8_RVT
       FOOTX16_RVT
       FOOTX2_RVT
       FOOTX32_RVT
       FOOTX4_RVT
       FOOTX8_RVT
       HEAD2X16_RVT
       HEAD2X2_RVT
       HEAD2X32_RVT
       HEAD2X4_RVT
       HEAD2X8_RVT
       HEADX16_RVT
       HEADX2_RVT
       HEADX32_RVT
       HEADX4_RVT
       HEADX8_RVT
       IBUFFX16_RVT
       IBUFFX2_RVT
       IBUFFX32_RVT
       IBUFFX4_RVT
       IBUFFX8_RVT
       INVX16_RVT
       INVX2_RVT
       INVX32_RVT
       INVX4_RVT
       INVX8_RVT
       ISOLANDX1_RVT
       ISOLANDX2_RVT
       ISOLANDX4_RVT
       ISOLANDX8_RVT
       ISOLORX1_RVT
       ISOLORX2_RVT
       ISOLORX4_RVT
       ISOLORX8_RVT
       ISOLANDAOX1_RVT
       ISOLANDAOX2_RVT
       ISOLANDAOX4_RVT
       ISOLANDAOX8_RVT
       ISOLORAOX1_RVT
       ISOLORAOX2_RVT
       ISOLORAOX4_RVT
       ISOLORAOX8_RVT
       LARX1_RVT
       LARX2_RVT
       LASRNX1_RVT
       LASRNX2_RVT
       LASRQX1_RVT
       LASRQX2_RVT
       LASRX1_RVT
       LASRX2_RVT
       LASX1_RVT
       LASX2_RVT
       LATCHX1_RVT
       LATCHX2_RVT
       LNANDX1_RVT
       LNANDX2_RVT
       LSDNENX1_RVT
       LSDNENX2_RVT
       LSDNENX4_RVT
       LSDNENX8_RVT
       LSDNENCLX1_RVT
       LSDNENCLX2_RVT
       LSDNENCLX4_RVT
       LSDNENCLX8_RVT
       LSDNENCLSSX1_RVT
       LSDNENCLSSX2_RVT
       LSDNENCLSSX4_RVT
       LSDNENCLSSX8_RVT
       LSDNENSSX1_RVT
       LSDNENSSX2_RVT
       LSDNENSSX4_RVT
       LSDNENSSX8_RVT
       LSDNSSX1_RVT
       LSDNSSX2_RVT
       LSDNSSX4_RVT
       LSDNSSX8_RVT
       LSDNX1_RVT
       LSDNX2_RVT
       LSDNX4_RVT
       LSDNX8_RVT
       LSUPENX1_RVT
       LSUPENX2_RVT
       LSUPENX4_RVT
       LSUPENX8_RVT
       LSUPENCLX1_RVT
       LSUPENCLX2_RVT
       LSUPENCLX4_RVT
       LSUPENCLX8_RVT
       LSUPX1_RVT
       LSUPX2_RVT
       LSUPX4_RVT
       LSUPX8_RVT
       MUX21X1_RVT
       MUX21X2_RVT
       MUX41X1_RVT
       MUX41X2_RVT
       NAND2X1_RVT
       NAND2X2_RVT
       NAND2X4_RVT
       NAND3X0_RVT
       NAND3X1_RVT
       NAND3X4_RVT
       NAND4X0_RVT
       NAND4X1_RVT
       NBUFFX16_RVT
       NBUFFX32_RVT
       NBUFFX4_RVT
       NBUFFX8_RVT
       NMT1_RVT
       NMT2_RVT
       NMT3_RVT
       NOR2X0_RVT
       NOR2X1_RVT
       NOR2X2_RVT
       NOR2X4_RVT
       NOR3X0_RVT
       NOR3X1_RVT
       NOR3X2_RVT
       NOR3X4_RVT
       NOR4X0_RVT
       NOR4X1_RVT
       OA21X2_RVT
       OA221X1_RVT
       OA221X2_RVT
       OA222X1_RVT
       OA222X2_RVT
       OA22X2_RVT
       OAI21X1_RVT
       OAI21X2_RVT
       OAI221X1_RVT
       OAI221X2_RVT
       OAI222X1_RVT
       OAI222X2_RVT
       OAI22X1_RVT
       OAI22X2_RVT
       OR2X2_RVT
       OR2X4_RVT
       OR3X1_RVT
       OR3X2_RVT
       OR3X4_RVT
       OR4X1_RVT
       OR4X2_RVT
       OR4X4_RVT
       PGX1_RVT
       PGX2_RVT
       PGX4_RVT
       PMT1_RVT
       PMT2_RVT
       PMT3_RVT
       RDFFARX1_RVT
       RDFFARX2_RVT
       RDFFNARX1_RVT
       RDFFNARX2_RVT
       RSDFFARX1_RVT
       RSDFFARX2_RVT
       RSDFFNARX1_RVT
       RSDFFNARX2_RVT
       RDFFNX1_RVT
       RDFFNX2_RVT
       RDFFX1_RVT
       RDFFX2_RVT
       RSDFFNX1_RVT
       RSDFFNX2_RVT
       RSDFFX1_RVT
       RSDFFX2_RVT
       SDFFARX1_RVT
       SDFFARX2_RVT
       SDFFASRSX1_RVT
       SDFFASRSX2_RVT
       SDFFASRX1_RVT
       SDFFASRX2_RVT
       SDFFASX1_RVT
       SDFFASX2_RVT
       SDFFNARX1_RVT
       SDFFNARX2_RVT
       SDFFNASRX1_RVT
       SDFFNASRX2_RVT
       SDFFNASX1_RVT
       SDFFNASX2_RVT
       SDFFNX1_RVT
       SDFFNX2_RVT
       SDFFSSRX1_RVT
       SDFFSSRX2_RVT
       SDFFX1_RVT
       SDFFX2_RVT
       SHFILL2_RVT
       SHFILL3_RVT
       SHFILL1_RVT
       SHFILL64_RVT
       SHFILL128_RVT
       TIEH_RVT
       TIEL_RVT
       TNBUFFX16_RVT
       TNBUFFX1_RVT
       TNBUFFX2_RVT
       TNBUFFX32_RVT
       TNBUFFX4_RVT
       TNBUFFX8_RVT
       XNOR2X2_RVT
       XNOR3X2_RVT
       XOR2X2_RVT
       XOR3X1_RVT
       XOR3X2_RVT
       RDFFNSRASX1_RVT
       RDFFNSRASX2_RVT
       RDFFSRARX1_RVT
       RDFFSRARX2_RVT
       RDFFSRASRX1_RVT
       RDFFSRASRX2_RVT
       RDFFSRASX1_RVT
       RDFFSRASX2_RVT
       RSDFFNSRARX1_RVT
       RSDFFNSRARX2_RVT
       RSDFFNSRASRX1_RVT
       RSDFFNSRASRX2_RVT
       RSDFFNSRASRNX1_RVT
       RSDFFNSRASRNX2_RVT
       RSDFFNSRASRQX1_RVT
       RSDFFNSRASRQX2_RVT
       RSDFFSRARX1_RVT
       RSDFFSRARX2_RVT
       RSDFFSRASRX1_RVT
       RSDFFSRASRX2_RVT
       RDFFNSRARX1_RVT
       RDFFNSRARX2_RVT
       RDFFNSRASRQX1_RVT
       RDFFNSRASRQX2_RVT
       RDFFNSRASRNX1_RVT
       RDFFNSRASRNX2_RVT
       RDFFNSRASRX1_RVT
       RDFFNSRASRX2_RVT
       RDFFNSRX1_RVT
       RDFFNSRX2_RVT
       RDFFSRSSRX1_RVT
       RDFFSRSSRX2_RVT
       RDFFSRX1_RVT
       RDFFSRX2_RVT
       RSDFFNSRASX1_RVT
       RSDFFNSRASX2_RVT
       RSDFFNSRX1_RVT
       RSDFFNSRX2_RVT
       RSDFFSRASX1_RVT
       RSDFFSRASX2_RVT
       RSDFFSRSSRX1_RVT
       RSDFFSRSSRX2_RVT
       RSDFFSRX1_RVT
       RSDFFSRX2_RVT
       tb_multiplier_mc_gate
TimeScale is 1 ps / 1 ps

Warning-[TFIPC] Too few instance port connections
mul32_mc_netlist.v, 2551
multiplier_mc_DW02_mult_0, "multiplier_mc_DW01_add_0 FS_1( .A ({1'b0, \A1[60] , \A1[59] , \A1[58] , \A1[57] , \A1[56] , \A1[55] , \A1[54] , \A1[53] , \A1[52] , \A1[51] , \A1[50] , \A1[49] , \A1[48] , \A1[47] , \A1[46] , \A1[45] , \A1[44] , \A1[43] , \A1[42] , \A1[41] , \A1[40] , \A1[39] , \A1[38] , \A1[37] , \A1[36] , \A1[35] , \A1[34] , \A1[33] , \A1[32] , \A1[31] , \A1[30] , \SUMB[31][0] , \A1[28] , \A1[27] , \A1[26] , \A1[25] , \A1[24] , \A1[23] , \A1[22] , \A1[21] , \A1[20] , \A1[19] , \A1[18] , \A1[17] , \A1[16] , \A1[15] , \A1[14] , \A1[13] , \A1[12] , \A1[11] , \A1[10] , \A1[9] , \A1[8] , \A1[7] , \A1[6] , \A1[5] , \A1[4] , \A1[3] , \A1[2] , \A1[1] , \A1[0] }),  .B ({\A2[61] , \A2[60] , \A2[59] , \A2[58] , \A2[57] , \A2[56] , \A2[55] , \A2[54] , \A2[53] , \A2[52] , \A2[51]  ... "
  The above instance has fewer port connections than the module definition.
  Please use '+lint=TFIPC-L' to print out detailed information of unconnected 
  ports.


Warning-[TFIPC] Too few instance port connections
mul32_mc_netlist.v, 3922
multiplier_mc, "DFFARX1_RVT \result_reg[0] ( .D (n146),  .CLK (clk),  .RSTB (n171),  .Q (result[0]));"
  The above instance has fewer port connections than the module definition.
  Please use '+lint=TFIPC-L' to print out detailed information of unconnected 
  ports.


Warning-[TFIPC] Too few instance port connections
mul32_mc_netlist.v, 3923
multiplier_mc, "DFFARX1_RVT \result_reg[1] ( .D (n145),  .CLK (clk),  .RSTB (n171),  .Q (result[1]));"
  The above instance has fewer port connections than the module definition.
  Please use '+lint=TFIPC-L' to print out detailed information of unconnected 
  ports.


Warning-[TFIPC] Too few instance port connections
mul32_mc_netlist.v, 3924
multiplier_mc, "DFFARX1_RVT \result_reg[2] ( .D (n144),  .CLK (clk),  .RSTB (n171),  .Q (result[2]));"
  The above instance has fewer port connections than the module definition.
  Please use '+lint=TFIPC-L' to print out detailed information of unconnected 
  ports.


Warning-[TFIPC] Too few instance port connections
mul32_mc_netlist.v, 3925
multiplier_mc, "DFFARX1_RVT \result_reg[3] ( .D (n143),  .CLK (clk),  .RSTB (n171),  .Q (result[3]));"
  The above instance has fewer port connections than the module definition.
  Please use '+lint=TFIPC-L' to print out detailed information of unconnected 
  ports.


Warning-[TFIPC] Too few instance port connections
mul32_mc_netlist.v, 3926
multiplier_mc, "DFFARX1_RVT \result_reg[4] ( .D (n142),  .CLK (clk),  .RSTB (n171),  .Q (result[4]));"
  The above instance has fewer port connections than the module definition.
  Please use '+lint=TFIPC-L' to print out detailed information of unconnected 
  ports.


Warning-[TFIPC] Too few instance port connections
mul32_mc_netlist.v, 3927
multiplier_mc, "DFFARX1_RVT \result_reg[5] ( .D (n141),  .CLK (clk),  .RSTB (n171),  .Q (result[5]));"
  The above instance has fewer port connections than the module definition.
  Please use '+lint=TFIPC-L' to print out detailed information of unconnected 
  ports.


Warning-[TFIPC] Too few instance port connections
mul32_mc_netlist.v, 3928
multiplier_mc, "DFFARX1_RVT \result_reg[6] ( .D (n140),  .CLK (clk),  .RSTB (n171),  .Q (result[6]));"
  The above instance has fewer port connections than the module definition.
  Please use '+lint=TFIPC-L' to print out detailed information of unconnected 
  ports.


Warning-[TFIPC] Too few instance port connections
mul32_mc_netlist.v, 3929
multiplier_mc, "DFFARX1_RVT \result_reg[7] ( .D (n139),  .CLK (clk),  .RSTB (n171),  .Q (result[7]));"
  The above instance has fewer port connections than the module definition.
  Please use '+lint=TFIPC-L' to print out detailed information of unconnected 
  ports.


Warning-[TFIPC] Too few instance port connections
mul32_mc_netlist.v, 3930
multiplier_mc, "DFFARX1_RVT \result_reg[8] ( .D (n138),  .CLK (clk),  .RSTB (n171),  .Q (result[8]));"
  The above instance has fewer port connections than the module definition.
  Please use '+lint=TFIPC-L' to print out detailed information of unconnected 
  ports.


Warning-[TFIPC] Too few instance port connections
mul32_mc_netlist.v, 3931
multiplier_mc, "DFFARX1_RVT \result_reg[9] ( .D (n137),  .CLK (clk),  .RSTB (n170),  .Q (result[9]));"
  The above instance has fewer port connections than the module definition.
  Please use '+lint=TFIPC-L' to print out detailed information of unconnected 
  ports.


Warning-[TFIPC] Too few instance port connections
mul32_mc_netlist.v, 3932
multiplier_mc, "DFFARX1_RVT \result_reg[10] ( .D (n136),  .CLK (clk),  .RSTB (n170),  .Q (result[10]));"
  The above instance has fewer port connections than the module definition.
  Please use '+lint=TFIPC-L' to print out detailed information of unconnected 
  ports.


Warning-[TFIPC] Too few instance port connections
mul32_mc_netlist.v, 3934
multiplier_mc, "DFFARX1_RVT \result_reg[11] ( .D (n135),  .CLK (clk),  .RSTB (n170),  .Q (result[11]));"
  The above instance has fewer port connections than the module definition.
  Please use '+lint=TFIPC-L' to print out detailed information of unconnected 
  ports.


Warning-[TFIPC] Too few instance port connections
mul32_mc_netlist.v, 3936
multiplier_mc, "DFFARX1_RVT \result_reg[12] ( .D (n134),  .CLK (clk),  .RSTB (n170),  .Q (result[12]));"
  The above instance has fewer port connections than the module definition.
  Please use '+lint=TFIPC-L' to print out detailed information of unconnected 
  ports.


Warning-[TFIPC] Too few instance port connections
mul32_mc_netlist.v, 3938
multiplier_mc, "DFFARX1_RVT \result_reg[13] ( .D (n133),  .CLK (clk),  .RSTB (n170),  .Q (result[13]));"
  The above instance has fewer port connections than the module definition.
  Please use '+lint=TFIPC-L' to print out detailed information of unconnected 
  ports.


Warning-[TFIPC] Too few instance port connections
mul32_mc_netlist.v, 3940
multiplier_mc, "DFFARX1_RVT \result_reg[14] ( .D (n132),  .CLK (clk),  .RSTB (n170),  .Q (result[14]));"
  The above instance has fewer port connections than the module definition.
  Please use '+lint=TFIPC-L' to print out detailed information of unconnected 
  ports.


Warning-[TFIPC] Too few instance port connections
mul32_mc_netlist.v, 3942
multiplier_mc, "DFFARX1_RVT \result_reg[15] ( .D (n131),  .CLK (clk),  .RSTB (n170),  .Q (result[15]));"
  The above instance has fewer port connections than the module definition.
  Please use '+lint=TFIPC-L' to print out detailed information of unconnected 
  ports.


Warning-[TFIPC] Too few instance port connections
mul32_mc_netlist.v, 3944
multiplier_mc, "DFFARX1_RVT \result_reg[16] ( .D (n130),  .CLK (clk),  .RSTB (n170),  .Q (result[16]));"
  The above instance has fewer port connections than the module definition.
  Please use '+lint=TFIPC-L' to print out detailed information of unconnected 
  ports.


Warning-[TFIPC] Too few instance port connections
mul32_mc_netlist.v, 3946
multiplier_mc, "DFFARX1_RVT \result_reg[17] ( .D (n129),  .CLK (clk),  .RSTB (n170),  .Q (result[17]));"
  The above instance has fewer port connections than the module definition.
  Please use '+lint=TFIPC-L' to print out detailed information of unconnected 
  ports.


Warning-[TFIPC] Too few instance port connections
mul32_mc_netlist.v, 3948
multiplier_mc, "DFFARX1_RVT \result_reg[18] ( .D (n128),  .CLK (clk),  .RSTB (n170),  .Q (result[18]));"
  The above instance has fewer port connections than the module definition.
  Please use '+lint=TFIPC-L' to print out detailed information of unconnected 
  ports.


Warning-[TFIPC] Too few instance port connections
mul32_mc_netlist.v, 3950
multiplier_mc, "DFFARX1_RVT \result_reg[19] ( .D (n127),  .CLK (clk),  .RSTB (n170),  .Q (result[19]));"
  The above instance has fewer port connections than the module definition.
  Please use '+lint=TFIPC-L' to print out detailed information of unconnected 
  ports.


Warning-[TFIPC] Too few instance port connections
mul32_mc_netlist.v, 3952
multiplier_mc, "DFFARX1_RVT \result_reg[20] ( .D (n126),  .CLK (clk),  .RSTB (n170),  .Q (result[20]));"
  The above instance has fewer port connections than the module definition.
  Please use '+lint=TFIPC-L' to print out detailed information of unconnected 
  ports.


Warning-[TFIPC] Too few instance port connections
mul32_mc_netlist.v, 3954
multiplier_mc, "DFFARX1_RVT \result_reg[21] ( .D (n125),  .CLK (clk),  .RSTB (n169),  .Q (result[21]));"
  The above instance has fewer port connections than the module definition.
  Please use '+lint=TFIPC-L' to print out detailed information of unconnected 
  ports.


Warning-[TFIPC] Too few instance port connections
mul32_mc_netlist.v, 3956
multiplier_mc, "DFFARX1_RVT \result_reg[22] ( .D (n124),  .CLK (clk),  .RSTB (n169),  .Q (result[22]));"
  The above instance has fewer port connections than the module definition.
  Please use '+lint=TFIPC-L' to print out detailed information of unconnected 
  ports.


Warning-[TFIPC] Too few instance port connections
mul32_mc_netlist.v, 3958
multiplier_mc, "DFFARX1_RVT \result_reg[23] ( .D (n123),  .CLK (clk),  .RSTB (n169),  .Q (result[23]));"
  The above instance has fewer port connections than the module definition.
  Please use '+lint=TFIPC-L' to print out detailed information of unconnected 
  ports.


Warning-[TFIPC] Too few instance port connections
mul32_mc_netlist.v, 3960
multiplier_mc, "DFFARX1_RVT \result_reg[24] ( .D (n122),  .CLK (clk),  .RSTB (n169),  .Q (result[24]));"
  The above instance has fewer port connections than the module definition.
  Please use '+lint=TFIPC-L' to print out detailed information of unconnected 
  ports.


Warning-[TFIPC] Too few instance port connections
mul32_mc_netlist.v, 3962
multiplier_mc, "DFFARX1_RVT \result_reg[25] ( .D (n121),  .CLK (clk),  .RSTB (n169),  .Q (result[25]));"
  The above instance has fewer port connections than the module definition.
  Please use '+lint=TFIPC-L' to print out detailed information of unconnected 
  ports.


Warning-[TFIPC] Too few instance port connections
mul32_mc_netlist.v, 3964
multiplier_mc, "DFFARX1_RVT \result_reg[26] ( .D (n120),  .CLK (clk),  .RSTB (n169),  .Q (result[26]));"
  The above instance has fewer port connections than the module definition.
  Please use '+lint=TFIPC-L' to print out detailed information of unconnected 
  ports.


Warning-[TFIPC] Too few instance port connections
mul32_mc_netlist.v, 3966
multiplier_mc, "DFFARX1_RVT \result_reg[27] ( .D (n119),  .CLK (clk),  .RSTB (n169),  .Q (result[27]));"
  The above instance has fewer port connections than the module definition.
  Please use '+lint=TFIPC-L' to print out detailed information of unconnected 
  ports.


Warning-[TFIPC] Too few instance port connections
mul32_mc_netlist.v, 3968
multiplier_mc, "DFFARX1_RVT \result_reg[28] ( .D (n118),  .CLK (clk),  .RSTB (n169),  .Q (result[28]));"
  The above instance has fewer port connections than the module definition.
  Please use '+lint=TFIPC-L' to print out detailed information of unconnected 
  ports.


Warning-[TFIPC] Too few instance port connections
mul32_mc_netlist.v, 3970
multiplier_mc, "DFFARX1_RVT \result_reg[29] ( .D (n117),  .CLK (clk),  .RSTB (n169),  .Q (result[29]));"
  The above instance has fewer port connections than the module definition.
  Please use '+lint=TFIPC-L' to print out detailed information of unconnected 
  ports.


Warning-[TFIPC] Too few instance port connections
mul32_mc_netlist.v, 3972
multiplier_mc, "DFFARX1_RVT \result_reg[30] ( .D (n116),  .CLK (clk),  .RSTB (n169),  .Q (result[30]));"
  The above instance has fewer port connections than the module definition.
  Please use '+lint=TFIPC-L' to print out detailed information of unconnected 
  ports.


Warning-[TFIPC] Too few instance port connections
mul32_mc_netlist.v, 3974
multiplier_mc, "DFFARX1_RVT \result_reg[31] ( .D (n115),  .CLK (clk),  .RSTB (n169),  .Q (result[31]));"
  The above instance has fewer port connections than the module definition.
  Please use '+lint=TFIPC-L' to print out detailed information of unconnected 
  ports.


Warning-[TFIPC] Too few instance port connections
mul32_mc_netlist.v, 3976
multiplier_mc, "DFFARX1_RVT \result_reg[32] ( .D (n114),  .CLK (clk),  .RSTB (n169),  .Q (result[32]));"
  The above instance has fewer port connections than the module definition.
  Please use '+lint=TFIPC-L' to print out detailed information of unconnected 
  ports.


Warning-[TFIPC] Too few instance port connections
mul32_mc_netlist.v, 3978
multiplier_mc, "DFFARX1_RVT \result_reg[33] ( .D (n113),  .CLK (clk),  .RSTB (n168),  .Q (result[33]));"
  The above instance has fewer port connections than the module definition.
  Please use '+lint=TFIPC-L' to print out detailed information of unconnected 
  ports.


Warning-[TFIPC] Too few instance port connections
mul32_mc_netlist.v, 3980
multiplier_mc, "DFFARX1_RVT \result_reg[34] ( .D (n112),  .CLK (clk),  .RSTB (n168),  .Q (result[34]));"
  The above instance has fewer port connections than the module definition.
  Please use '+lint=TFIPC-L' to print out detailed information of unconnected 
  ports.


Warning-[TFIPC] Too few instance port connections
mul32_mc_netlist.v, 3982
multiplier_mc, "DFFARX1_RVT \result_reg[35] ( .D (n111),  .CLK (clk),  .RSTB (n168),  .Q (result[35]));"
  The above instance has fewer port connections than the module definition.
  Please use '+lint=TFIPC-L' to print out detailed information of unconnected 
  ports.


Warning-[TFIPC] Too few instance port connections
mul32_mc_netlist.v, 3984
multiplier_mc, "DFFARX1_RVT \result_reg[36] ( .D (n110),  .CLK (clk),  .RSTB (n168),  .Q (result[36]));"
  The above instance has fewer port connections than the module definition.
  Please use '+lint=TFIPC-L' to print out detailed information of unconnected 
  ports.


Warning-[TFIPC] Too few instance port connections
mul32_mc_netlist.v, 3986
multiplier_mc, "DFFARX1_RVT \result_reg[37] ( .D (n109),  .CLK (clk),  .RSTB (n168),  .Q (result[37]));"
  The above instance has fewer port connections than the module definition.
  Please use '+lint=TFIPC-L' to print out detailed information of unconnected 
  ports.


Warning-[TFIPC] Too few instance port connections
mul32_mc_netlist.v, 3988
multiplier_mc, "DFFARX1_RVT \result_reg[38] ( .D (n108),  .CLK (clk),  .RSTB (n168),  .Q (result[38]));"
  The above instance has fewer port connections than the module definition.
  Please use '+lint=TFIPC-L' to print out detailed information of unconnected 
  ports.


Warning-[TFIPC] Too few instance port connections
mul32_mc_netlist.v, 3990
multiplier_mc, "DFFARX1_RVT \result_reg[39] ( .D (n107),  .CLK (clk),  .RSTB (n168),  .Q (result[39]));"
  The above instance has fewer port connections than the module definition.
  Please use '+lint=TFIPC-L' to print out detailed information of unconnected 
  ports.


Warning-[TFIPC] Too few instance port connections
mul32_mc_netlist.v, 3992
multiplier_mc, "DFFARX1_RVT \result_reg[40] ( .D (n106),  .CLK (clk),  .RSTB (n168),  .Q (result[40]));"
  The above instance has fewer port connections than the module definition.
  Please use '+lint=TFIPC-L' to print out detailed information of unconnected 
  ports.


Warning-[TFIPC] Too few instance port connections
mul32_mc_netlist.v, 3994
multiplier_mc, "DFFARX1_RVT \result_reg[41] ( .D (n105),  .CLK (clk),  .RSTB (n168),  .Q (result[41]));"
  The above instance has fewer port connections than the module definition.
  Please use '+lint=TFIPC-L' to print out detailed information of unconnected 
  ports.


Warning-[TFIPC] Too few instance port connections
mul32_mc_netlist.v, 3996
multiplier_mc, "DFFARX1_RVT \result_reg[42] ( .D (n104),  .CLK (clk),  .RSTB (n168),  .Q (result[42]));"
  The above instance has fewer port connections than the module definition.
  Please use '+lint=TFIPC-L' to print out detailed information of unconnected 
  ports.


Warning-[TFIPC] Too few instance port connections
mul32_mc_netlist.v, 3998
multiplier_mc, "DFFARX1_RVT \result_reg[43] ( .D (n103),  .CLK (clk),  .RSTB (n168),  .Q (result[43]));"
  The above instance has fewer port connections than the module definition.
  Please use '+lint=TFIPC-L' to print out detailed information of unconnected 
  ports.


Warning-[TFIPC] Too few instance port connections
mul32_mc_netlist.v, 4000
multiplier_mc, "DFFARX1_RVT \result_reg[44] ( .D (n102),  .CLK (clk),  .RSTB (n168),  .Q (result[44]));"
  The above instance has fewer port connections than the module definition.
  Please use '+lint=TFIPC-L' to print out detailed information of unconnected 
  ports.


Warning-[TFIPC] Too few instance port connections
mul32_mc_netlist.v, 4002
multiplier_mc, "DFFARX1_RVT \result_reg[45] ( .D (n101),  .CLK (clk),  .RSTB (n167),  .Q (result[45]));"
  The above instance has fewer port connections than the module definition.
  Please use '+lint=TFIPC-L' to print out detailed information of unconnected 
  ports.


Warning-[TFIPC] Too few instance port connections
mul32_mc_netlist.v, 4004
multiplier_mc, "DFFARX1_RVT \result_reg[46] ( .D (n100),  .CLK (clk),  .RSTB (n167),  .Q (result[46]));"
  The above instance has fewer port connections than the module definition.
  Please use '+lint=TFIPC-L' to print out detailed information of unconnected 
  ports.


Warning-[TFIPC] Too few instance port connections
mul32_mc_netlist.v, 4006
multiplier_mc, "DFFARX1_RVT \result_reg[47] ( .D (n99),  .CLK (clk),  .RSTB (n167),  .Q (result[47]));"
  The above instance has fewer port connections than the module definition.
  Please use '+lint=TFIPC-L' to print out detailed information of unconnected 
  ports.


Warning-[TFIPC] Too few instance port connections
mul32_mc_netlist.v, 4008
multiplier_mc, "DFFARX1_RVT \result_reg[48] ( .D (n98),  .CLK (clk),  .RSTB (n167),  .Q (result[48]));"
  The above instance has fewer port connections than the module definition.
  Please use '+lint=TFIPC-L' to print out detailed information of unconnected 
  ports.


Warning-[TFIPC] Too few instance port connections
mul32_mc_netlist.v, 4010
multiplier_mc, "DFFARX1_RVT \result_reg[49] ( .D (n97),  .CLK (clk),  .RSTB (n167),  .Q (result[49]));"
  The above instance has fewer port connections than the module definition.
  Please use '+lint=TFIPC-L' to print out detailed information of unconnected 
  ports.


Warning-[TFIPC] Too few instance port connections
mul32_mc_netlist.v, 4012
multiplier_mc, "DFFARX1_RVT \result_reg[50] ( .D (n96),  .CLK (clk),  .RSTB (n167),  .Q (result[50]));"
  The above instance has fewer port connections than the module definition.
  Please use '+lint=TFIPC-L' to print out detailed information of unconnected 
  ports.


Warning-[TFIPC] Too few instance port connections
mul32_mc_netlist.v, 4014
multiplier_mc, "DFFARX1_RVT \result_reg[51] ( .D (n95),  .CLK (clk),  .RSTB (n167),  .Q (result[51]));"
  The above instance has fewer port connections than the module definition.
  Please use '+lint=TFIPC-L' to print out detailed information of unconnected 
  ports.


Warning-[TFIPC] Too few instance port connections
mul32_mc_netlist.v, 4016
multiplier_mc, "DFFARX1_RVT \result_reg[52] ( .D (n94),  .CLK (clk),  .RSTB (n167),  .Q (result[52]));"
  The above instance has fewer port connections than the module definition.
  Please use '+lint=TFIPC-L' to print out detailed information of unconnected 
  ports.


Warning-[TFIPC] Too few instance port connections
mul32_mc_netlist.v, 4018
multiplier_mc, "DFFARX1_RVT \result_reg[53] ( .D (n93),  .CLK (clk),  .RSTB (n167),  .Q (result[53]));"
  The above instance has fewer port connections than the module definition.
  Please use '+lint=TFIPC-L' to print out detailed information of unconnected 
  ports.


Warning-[TFIPC] Too few instance port connections
mul32_mc_netlist.v, 4020
multiplier_mc, "DFFARX1_RVT \result_reg[54] ( .D (n92),  .CLK (clk),  .RSTB (n167),  .Q (result[54]));"
  The above instance has fewer port connections than the module definition.
  Please use '+lint=TFIPC-L' to print out detailed information of unconnected 
  ports.


Warning-[TFIPC] Too few instance port connections
mul32_mc_netlist.v, 4022
multiplier_mc, "DFFARX1_RVT \result_reg[55] ( .D (n91),  .CLK (clk),  .RSTB (n167),  .Q (result[55]));"
  The above instance has fewer port connections than the module definition.
  Please use '+lint=TFIPC-L' to print out detailed information of unconnected 
  ports.


Warning-[TFIPC] Too few instance port connections
mul32_mc_netlist.v, 4024
multiplier_mc, "DFFARX1_RVT \result_reg[56] ( .D (n90),  .CLK (clk),  .RSTB (n167),  .Q (result[56]));"
  The above instance has fewer port connections than the module definition.
  Please use '+lint=TFIPC-L' to print out detailed information of unconnected 
  ports.


Warning-[TFIPC] Too few instance port connections
mul32_mc_netlist.v, 4026
multiplier_mc, "DFFARX1_RVT \result_reg[57] ( .D (n89),  .CLK (clk),  .RSTB (n173),  .Q (result[57]));"
  The above instance has fewer port connections than the module definition.
  Please use '+lint=TFIPC-L' to print out detailed information of unconnected 
  ports.


Warning-[TFIPC] Too few instance port connections
mul32_mc_netlist.v, 4028
multiplier_mc, "DFFARX1_RVT \result_reg[58] ( .D (n88),  .CLK (clk),  .RSTB (n174),  .Q (result[58]));"
  The above instance has fewer port connections than the module definition.
  Please use '+lint=TFIPC-L' to print out detailed information of unconnected 
  ports.


Warning-[TFIPC] Too few instance port connections
mul32_mc_netlist.v, 4030
multiplier_mc, "DFFARX1_RVT \result_reg[59] ( .D (n87),  .CLK (clk),  .RSTB (n175),  .Q (result[59]));"
  The above instance has fewer port connections than the module definition.
  Please use '+lint=TFIPC-L' to print out detailed information of unconnected 
  ports.


Warning-[TFIPC] Too few instance port connections
mul32_mc_netlist.v, 4032
multiplier_mc, "DFFARX1_RVT \result_reg[60] ( .D (n86),  .CLK (clk),  .RSTB (n176),  .Q (result[60]));"
  The above instance has fewer port connections than the module definition.
  Please use '+lint=TFIPC-L' to print out detailed information of unconnected 
  ports.


Warning-[TFIPC] Too few instance port connections
mul32_mc_netlist.v, 4034
multiplier_mc, "DFFARX1_RVT \result_reg[61] ( .D (n85),  .CLK (clk),  .RSTB (n172),  .Q (result[61]));"
  The above instance has fewer port connections than the module definition.
  Please use '+lint=TFIPC-L' to print out detailed information of unconnected 
  ports.


Warning-[TFIPC] Too few instance port connections
mul32_mc_netlist.v, 4036
multiplier_mc, "DFFARX1_RVT \result_reg[62] ( .D (n84),  .CLK (clk),  .RSTB (n172),  .Q (result[62]));"
  The above instance has fewer port connections than the module definition.
  Please use '+lint=TFIPC-L' to print out detailed information of unconnected 
  ports.


Warning-[TFIPC] Too few instance port connections
mul32_mc_netlist.v, 4038
multiplier_mc, "DFFARX1_RVT \result_reg[63] ( .D (n83),  .CLK (clk),  .RSTB (n176),  .Q (result[63]));"
  The above instance has fewer port connections than the module definition.
  Please use '+lint=TFIPC-L' to print out detailed information of unconnected 
  ports.


Warning-[TFIPC] Too few instance port connections
mul32_mc_netlist.v, 4040
multiplier_mc, "DFFARX1_RVT valid_reg( .D (n155),  .CLK (clk),  .RSTB (n174),  .Q (valid));"
  The above instance has fewer port connections than the module definition.
  Please use '+lint=TFIPC-L' to print out detailed information of unconnected 
  ports.


Warning-[TFIPC] Too few instance port connections
mul32_mc_netlist.v, 4041
multiplier_mc, "DFFARX1_RVT \a_reg_reg[31] ( .D (n82),  .CLK (clk),  .RSTB (n175),  .Q (a_reg[31]));"
  The above instance has fewer port connections than the module definition.
  Please use '+lint=TFIPC-L' to print out detailed information of unconnected 
  ports.


Warning-[TFIPC] Too few instance port connections
mul32_mc_netlist.v, 4043
multiplier_mc, "DFFARX1_RVT \a_reg_reg[30] ( .D (n81),  .CLK (clk),  .RSTB (n176),  .Q (a_reg[30]));"
  The above instance has fewer port connections than the module definition.
  Please use '+lint=TFIPC-L' to print out detailed information of unconnected 
  ports.


Warning-[TFIPC] Too few instance port connections
mul32_mc_netlist.v, 4045
multiplier_mc, "DFFARX1_RVT \a_reg_reg[29] ( .D (n80),  .CLK (clk),  .RSTB (n172),  .Q (a_reg[29]));"
  The above instance has fewer port connections than the module definition.
  Please use '+lint=TFIPC-L' to print out detailed information of unconnected 
  ports.


Warning-[TFIPC] Too few instance port connections
mul32_mc_netlist.v, 4047
multiplier_mc, "DFFARX1_RVT \a_reg_reg[28] ( .D (n79),  .CLK (clk),  .RSTB (n176),  .Q (a_reg[28]));"
  The above instance has fewer port connections than the module definition.
  Please use '+lint=TFIPC-L' to print out detailed information of unconnected 
  ports.


Warning-[TFIPC] Too few instance port connections
mul32_mc_netlist.v, 4049
multiplier_mc, "DFFARX1_RVT \a_reg_reg[27] ( .D (n78),  .CLK (clk),  .RSTB (n175),  .Q (a_reg[27]));"
  The above instance has fewer port connections than the module definition.
  Please use '+lint=TFIPC-L' to print out detailed information of unconnected 
  ports.


Warning-[TFIPC] Too few instance port connections
mul32_mc_netlist.v, 4051
multiplier_mc, "DFFARX1_RVT \a_reg_reg[26] ( .D (n77),  .CLK (clk),  .RSTB (n175),  .Q (a_reg[26]));"
  The above instance has fewer port connections than the module definition.
  Please use '+lint=TFIPC-L' to print out detailed information of unconnected 
  ports.


Warning-[TFIPC] Too few instance port connections
mul32_mc_netlist.v, 4053
multiplier_mc, "DFFARX1_RVT \a_reg_reg[25] ( .D (n76),  .CLK (clk),  .RSTB (n176),  .Q (a_reg[25]));"
  The above instance has fewer port connections than the module definition.
  Please use '+lint=TFIPC-L' to print out detailed information of unconnected 
  ports.


Warning-[TFIPC] Too few instance port connections
mul32_mc_netlist.v, 4055
multiplier_mc, "DFFARX1_RVT \a_reg_reg[24] ( .D (n75),  .CLK (clk),  .RSTB (n172),  .Q (a_reg[24]));"
  The above instance has fewer port connections than the module definition.
  Please use '+lint=TFIPC-L' to print out detailed information of unconnected 
  ports.


Warning-[TFIPC] Too few instance port connections
mul32_mc_netlist.v, 4057
multiplier_mc, "DFFARX1_RVT \a_reg_reg[23] ( .D (n74),  .CLK (clk),  .RSTB (n173),  .Q (a_reg[23]));"
  The above instance has fewer port connections than the module definition.
  Please use '+lint=TFIPC-L' to print out detailed information of unconnected 
  ports.


Warning-[TFIPC] Too few instance port connections
mul32_mc_netlist.v, 4059
multiplier_mc, "DFFARX1_RVT \a_reg_reg[22] ( .D (n73),  .CLK (clk),  .RSTB (n174),  .Q (a_reg[22]));"
  The above instance has fewer port connections than the module definition.
  Please use '+lint=TFIPC-L' to print out detailed information of unconnected 
  ports.


Warning-[TFIPC] Too few instance port connections
mul32_mc_netlist.v, 4061
multiplier_mc, "DFFARX1_RVT \a_reg_reg[21] ( .D (n72),  .CLK (clk),  .RSTB (n175),  .Q (a_reg[21]));"
  The above instance has fewer port connections than the module definition.
  Please use '+lint=TFIPC-L' to print out detailed information of unconnected 
  ports.


Warning-[TFIPC] Too few instance port connections
mul32_mc_netlist.v, 4063
multiplier_mc, "DFFARX1_RVT \a_reg_reg[20] ( .D (n71),  .CLK (clk),  .RSTB (n174),  .Q (a_reg[20]));"
  The above instance has fewer port connections than the module definition.
  Please use '+lint=TFIPC-L' to print out detailed information of unconnected 
  ports.


Warning-[TFIPC] Too few instance port connections
mul32_mc_netlist.v, 4065
multiplier_mc, "DFFARX1_RVT \a_reg_reg[19] ( .D (n70),  .CLK (clk),  .RSTB (n176),  .Q (a_reg[19]));"
  The above instance has fewer port connections than the module definition.
  Please use '+lint=TFIPC-L' to print out detailed information of unconnected 
  ports.


Warning-[TFIPC] Too few instance port connections
mul32_mc_netlist.v, 4067
multiplier_mc, "DFFARX1_RVT \a_reg_reg[18] ( .D (n69),  .CLK (clk),  .RSTB (n172),  .Q (a_reg[18]));"
  The above instance has fewer port connections than the module definition.
  Please use '+lint=TFIPC-L' to print out detailed information of unconnected 
  ports.


Warning-[TFIPC] Too few instance port connections
mul32_mc_netlist.v, 4069
multiplier_mc, "DFFARX1_RVT \a_reg_reg[17] ( .D (n68),  .CLK (clk),  .RSTB (n173),  .Q (a_reg[17]));"
  The above instance has fewer port connections than the module definition.
  Please use '+lint=TFIPC-L' to print out detailed information of unconnected 
  ports.


Warning-[TFIPC] Too few instance port connections
mul32_mc_netlist.v, 4071
multiplier_mc, "DFFARX1_RVT \a_reg_reg[16] ( .D (n67),  .CLK (clk),  .RSTB (n173),  .Q (a_reg[16]));"
  The above instance has fewer port connections than the module definition.
  Please use '+lint=TFIPC-L' to print out detailed information of unconnected 
  ports.


Warning-[TFIPC] Too few instance port connections
mul32_mc_netlist.v, 4073
multiplier_mc, "DFFARX1_RVT \a_reg_reg[15] ( .D (n66),  .CLK (clk),  .RSTB (n173),  .Q (a_reg[15]));"
  The above instance has fewer port connections than the module definition.
  Please use '+lint=TFIPC-L' to print out detailed information of unconnected 
  ports.


Warning-[TFIPC] Too few instance port connections
mul32_mc_netlist.v, 4075
multiplier_mc, "DFFARX1_RVT \a_reg_reg[14] ( .D (n65),  .CLK (clk),  .RSTB (n174),  .Q (a_reg[14]));"
  The above instance has fewer port connections than the module definition.
  Please use '+lint=TFIPC-L' to print out detailed information of unconnected 
  ports.


Warning-[TFIPC] Too few instance port connections
mul32_mc_netlist.v, 4077
multiplier_mc, "DFFARX1_RVT \a_reg_reg[13] ( .D (n64),  .CLK (clk),  .RSTB (n175),  .Q (a_reg[13]));"
  The above instance has fewer port connections than the module definition.
  Please use '+lint=TFIPC-L' to print out detailed information of unconnected 
  ports.


Warning-[TFIPC] Too few instance port connections
mul32_mc_netlist.v, 4079
multiplier_mc, "DFFARX1_RVT \a_reg_reg[12] ( .D (n63),  .CLK (clk),  .RSTB (n185),  .Q (a_reg[12]));"
  The above instance has fewer port connections than the module definition.
  Please use '+lint=TFIPC-L' to print out detailed information of unconnected 
  ports.


Warning-[TFIPC] Too few instance port connections
mul32_mc_netlist.v, 4081
multiplier_mc, "DFFARX1_RVT \a_reg_reg[11] ( .D (n62),  .CLK (clk),  .RSTB (n172),  .Q (a_reg[11]));"
  The above instance has fewer port connections than the module definition.
  Please use '+lint=TFIPC-L' to print out detailed information of unconnected 
  ports.


Warning-[TFIPC] Too few instance port connections
mul32_mc_netlist.v, 4083
multiplier_mc, "DFFARX1_RVT \a_reg_reg[10] ( .D (n61),  .CLK (clk),  .RSTB (n176),  .Q (a_reg[10]));"
  The above instance has fewer port connections than the module definition.
  Please use '+lint=TFIPC-L' to print out detailed information of unconnected 
  ports.


Warning-[TFIPC] Too few instance port connections
mul32_mc_netlist.v, 4085
multiplier_mc, "DFFARX1_RVT \a_reg_reg[9] ( .D (n60),  .CLK (clk),  .RSTB (n175),  .Q (a_reg[9]));"
  The above instance has fewer port connections than the module definition.
  Please use '+lint=TFIPC-L' to print out detailed information of unconnected 
  ports.


Warning-[TFIPC] Too few instance port connections
mul32_mc_netlist.v, 4087
multiplier_mc, "DFFARX1_RVT \a_reg_reg[8] ( .D (n59),  .CLK (clk),  .RSTB (n173),  .Q (a_reg[8]));"
  The above instance has fewer port connections than the module definition.
  Please use '+lint=TFIPC-L' to print out detailed information of unconnected 
  ports.


Warning-[TFIPC] Too few instance port connections
mul32_mc_netlist.v, 4089
multiplier_mc, "DFFARX1_RVT \a_reg_reg[7] ( .D (n58),  .CLK (clk),  .RSTB (n174),  .Q (a_reg[7]));"
  The above instance has fewer port connections than the module definition.
  Please use '+lint=TFIPC-L' to print out detailed information of unconnected 
  ports.


Warning-[TFIPC] Too few instance port connections
mul32_mc_netlist.v, 4091
multiplier_mc, "DFFARX1_RVT \a_reg_reg[6] ( .D (n57),  .CLK (clk),  .RSTB (n176),  .Q (a_reg[6]));"
  The above instance has fewer port connections than the module definition.
  Please use '+lint=TFIPC-L' to print out detailed information of unconnected 
  ports.


Warning-[TFIPC] Too few instance port connections
mul32_mc_netlist.v, 4093
multiplier_mc, "DFFARX1_RVT \a_reg_reg[5] ( .D (n56),  .CLK (clk),  .RSTB (n185),  .Q (a_reg[5]));"
  The above instance has fewer port connections than the module definition.
  Please use '+lint=TFIPC-L' to print out detailed information of unconnected 
  ports.


Warning-[TFIPC] Too few instance port connections
mul32_mc_netlist.v, 4095
multiplier_mc, "DFFARX1_RVT \a_reg_reg[4] ( .D (n55),  .CLK (clk),  .RSTB (n172),  .Q (a_reg[4]));"
  The above instance has fewer port connections than the module definition.
  Please use '+lint=TFIPC-L' to print out detailed information of unconnected 
  ports.


Warning-[TFIPC] Too few instance port connections
mul32_mc_netlist.v, 4097
multiplier_mc, "DFFARX1_RVT \a_reg_reg[3] ( .D (n54),  .CLK (clk),  .RSTB (n174),  .Q (a_reg[3]));"
  The above instance has fewer port connections than the module definition.
  Please use '+lint=TFIPC-L' to print out detailed information of unconnected 
  ports.


Warning-[TFIPC] Too few instance port connections
mul32_mc_netlist.v, 4099
multiplier_mc, "DFFARX1_RVT \a_reg_reg[2] ( .D (n53),  .CLK (clk),  .RSTB (n173),  .Q (a_reg[2]));"
  The above instance has fewer port connections than the module definition.
  Please use '+lint=TFIPC-L' to print out detailed information of unconnected 
  ports.


Warning-[TFIPC] Too few instance port connections
mul32_mc_netlist.v, 4101
multiplier_mc, "DFFARX1_RVT \a_reg_reg[1] ( .D (n52),  .CLK (clk),  .RSTB (n175),  .Q (a_reg[1]));"
  The above instance has fewer port connections than the module definition.
  Please use '+lint=TFIPC-L' to print out detailed information of unconnected 
  ports.


Warning-[TFIPC] Too few instance port connections
mul32_mc_netlist.v, 4103
multiplier_mc, "DFFARX1_RVT \a_reg_reg[0] ( .D (n51),  .CLK (clk),  .RSTB (n172),  .Q (a_reg[0]));"
  The above instance has fewer port connections than the module definition.
  Please use '+lint=TFIPC-L' to print out detailed information of unconnected 
  ports.


Warning-[TFIPC] Too few instance port connections
mul32_mc_netlist.v, 4105
multiplier_mc, "DFFARX1_RVT \b_reg_reg[31] ( .D (n50),  .CLK (clk),  .RSTB (n174),  .Q (b_reg[31]));"
  The above instance has fewer port connections than the module definition.
  Please use '+lint=TFIPC-L' to print out detailed information of unconnected 
  ports.


Warning-[TFIPC] Too few instance port connections
mul32_mc_netlist.v, 4107
multiplier_mc, "DFFARX1_RVT \b_reg_reg[30] ( .D (n49),  .CLK (clk),  .RSTB (n176),  .Q (b_reg[30]));"
  The above instance has fewer port connections than the module definition.
  Please use '+lint=TFIPC-L' to print out detailed information of unconnected 
  ports.


Warning-[TFIPC] Too few instance port connections
mul32_mc_netlist.v, 4109
multiplier_mc, "DFFARX1_RVT \b_reg_reg[29] ( .D (n48),  .CLK (clk),  .RSTB (n173),  .Q (b_reg[29]));"
  The above instance has fewer port connections than the module definition.
  Please use '+lint=TFIPC-L' to print out detailed information of unconnected 
  ports.


Warning-[TFIPC] Too few instance port connections
mul32_mc_netlist.v, 4111
multiplier_mc, "DFFARX1_RVT \b_reg_reg[28] ( .D (n47),  .CLK (clk),  .RSTB (n171),  .Q (b_reg[28]));"
  The above instance has fewer port connections than the module definition.
  Please use '+lint=TFIPC-L' to print out detailed information of unconnected 
  ports.


Warning-[TFIPC] Too few instance port connections
mul32_mc_netlist.v, 4113
multiplier_mc, "DFFARX1_RVT \b_reg_reg[27] ( .D (n46),  .CLK (clk),  .RSTB (n175),  .Q (b_reg[27]));"
  The above instance has fewer port connections than the module definition.
  Please use '+lint=TFIPC-L' to print out detailed information of unconnected 
  ports.


Warning-[TFIPC] Too few instance port connections
mul32_mc_netlist.v, 4115
multiplier_mc, "DFFARX1_RVT \b_reg_reg[26] ( .D (n45),  .CLK (clk),  .RSTB (n172),  .Q (b_reg[26]));"
  The above instance has fewer port connections than the module definition.
  Please use '+lint=TFIPC-L' to print out detailed information of unconnected 
  ports.


Warning-[TFIPC] Too few instance port connections
mul32_mc_netlist.v, 4117
multiplier_mc, "DFFARX1_RVT \b_reg_reg[25] ( .D (n44),  .CLK (clk),  .RSTB (n174),  .Q (b_reg[25]));"
  The above instance has fewer port connections than the module definition.
  Please use '+lint=TFIPC-L' to print out detailed information of unconnected 
  ports.


Warning-[TFIPC] Too few instance port connections
mul32_mc_netlist.v, 4119
multiplier_mc, "DFFARX1_RVT \b_reg_reg[24] ( .D (n43),  .CLK (clk),  .RSTB (n176),  .Q (b_reg[24]));"
  The above instance has fewer port connections than the module definition.
  Please use '+lint=TFIPC-L' to print out detailed information of unconnected 
  ports.


Warning-[TFIPC] Too few instance port connections
mul32_mc_netlist.v, 4121
multiplier_mc, "DFFARX1_RVT \b_reg_reg[23] ( .D (n42),  .CLK (clk),  .RSTB (n166),  .Q (b_reg[23]));"
  The above instance has fewer port connections than the module definition.
  Please use '+lint=TFIPC-L' to print out detailed information of unconnected 
  ports.


Warning-[TFIPC] Too few instance port connections
mul32_mc_netlist.v, 4123
multiplier_mc, "DFFARX1_RVT \b_reg_reg[22] ( .D (n41),  .CLK (clk),  .RSTB (n166),  .Q (b_reg[22]));"
  The above instance has fewer port connections than the module definition.
  Please use '+lint=TFIPC-L' to print out detailed information of unconnected 
  ports.


Warning-[TFIPC] Too few instance port connections
mul32_mc_netlist.v, 4125
multiplier_mc, "DFFARX1_RVT \b_reg_reg[21] ( .D (n40),  .CLK (clk),  .RSTB (n166),  .Q (b_reg[21]));"
  The above instance has fewer port connections than the module definition.
  Please use '+lint=TFIPC-L' to print out detailed information of unconnected 
  ports.


Warning-[TFIPC] Too few instance port connections
mul32_mc_netlist.v, 4127
multiplier_mc, "DFFARX1_RVT \b_reg_reg[20] ( .D (n39),  .CLK (clk),  .RSTB (n166),  .Q (b_reg[20]));"
  The above instance has fewer port connections than the module definition.
  Please use '+lint=TFIPC-L' to print out detailed information of unconnected 
  ports.


Warning-[TFIPC] Too few instance port connections
mul32_mc_netlist.v, 4129
multiplier_mc, "DFFARX1_RVT \b_reg_reg[19] ( .D (n38),  .CLK (clk),  .RSTB (n166),  .Q (b_reg[19]));"
  The above instance has fewer port connections than the module definition.
  Please use '+lint=TFIPC-L' to print out detailed information of unconnected 
  ports.


Warning-[TFIPC] Too few instance port connections
mul32_mc_netlist.v, 4131
multiplier_mc, "DFFARX1_RVT \b_reg_reg[18] ( .D (n37),  .CLK (clk),  .RSTB (n166),  .Q (b_reg[18]));"
  The above instance has fewer port connections than the module definition.
  Please use '+lint=TFIPC-L' to print out detailed information of unconnected 
  ports.


Warning-[TFIPC] Too few instance port connections
mul32_mc_netlist.v, 4133
multiplier_mc, "DFFARX1_RVT \b_reg_reg[17] ( .D (n36),  .CLK (clk),  .RSTB (n166),  .Q (b_reg[17]));"
  The above instance has fewer port connections than the module definition.
  Please use '+lint=TFIPC-L' to print out detailed information of unconnected 
  ports.


Warning-[TFIPC] Too few instance port connections
mul32_mc_netlist.v, 4135
multiplier_mc, "DFFARX1_RVT \b_reg_reg[16] ( .D (n35),  .CLK (clk),  .RSTB (n166),  .Q (b_reg[16]));"
  The above instance has fewer port connections than the module definition.
  Please use '+lint=TFIPC-L' to print out detailed information of unconnected 
  ports.


Warning-[TFIPC] Too few instance port connections
mul32_mc_netlist.v, 4137
multiplier_mc, "DFFARX1_RVT \b_reg_reg[15] ( .D (n34),  .CLK (clk),  .RSTB (n166),  .Q (b_reg[15]));"
  The above instance has fewer port connections than the module definition.
  Please use '+lint=TFIPC-L' to print out detailed information of unconnected 
  ports.


Warning-[TFIPC] Too few instance port connections
mul32_mc_netlist.v, 4139
multiplier_mc, "DFFARX1_RVT \b_reg_reg[14] ( .D (n33),  .CLK (clk),  .RSTB (n166),  .Q (b_reg[14]));"
  The above instance has fewer port connections than the module definition.
  Please use '+lint=TFIPC-L' to print out detailed information of unconnected 
  ports.


Warning-[TFIPC] Too few instance port connections
mul32_mc_netlist.v, 4141
multiplier_mc, "DFFARX1_RVT \b_reg_reg[13] ( .D (n32),  .CLK (clk),  .RSTB (n166),  .Q (b_reg[13]));"
  The above instance has fewer port connections than the module definition.
  Please use '+lint=TFIPC-L' to print out detailed information of unconnected 
  ports.


Warning-[TFIPC] Too few instance port connections
mul32_mc_netlist.v, 4143
multiplier_mc, "DFFARX1_RVT \b_reg_reg[12] ( .D (n31),  .CLK (clk),  .RSTB (n166),  .Q (b_reg[12]));"
  The above instance has fewer port connections than the module definition.
  Please use '+lint=TFIPC-L' to print out detailed information of unconnected 
  ports.


Warning-[TFIPC] Too few instance port connections
mul32_mc_netlist.v, 4145
multiplier_mc, "DFFARX1_RVT \b_reg_reg[11] ( .D (n30),  .CLK (clk),  .RSTB (n165),  .Q (b_reg[11]));"
  The above instance has fewer port connections than the module definition.
  Please use '+lint=TFIPC-L' to print out detailed information of unconnected 
  ports.


Warning-[TFIPC] Too few instance port connections
mul32_mc_netlist.v, 4147
multiplier_mc, "DFFARX1_RVT \b_reg_reg[10] ( .D (n29),  .CLK (clk),  .RSTB (n165),  .Q (b_reg[10]));"
  The above instance has fewer port connections than the module definition.
  Please use '+lint=TFIPC-L' to print out detailed information of unconnected 
  ports.


Warning-[TFIPC] Too few instance port connections
mul32_mc_netlist.v, 4149
multiplier_mc, "DFFARX1_RVT \b_reg_reg[9] ( .D (n28),  .CLK (clk),  .RSTB (n165),  .Q (b_reg[9]));"
  The above instance has fewer port connections than the module definition.
  Please use '+lint=TFIPC-L' to print out detailed information of unconnected 
  ports.


Warning-[TFIPC] Too few instance port connections
mul32_mc_netlist.v, 4151
multiplier_mc, "DFFARX1_RVT \b_reg_reg[8] ( .D (n27),  .CLK (clk),  .RSTB (n165),  .Q (b_reg[8]));"
  The above instance has fewer port connections than the module definition.
  Please use '+lint=TFIPC-L' to print out detailed information of unconnected 
  ports.


Warning-[TFIPC] Too few instance port connections
mul32_mc_netlist.v, 4153
multiplier_mc, "DFFARX1_RVT \b_reg_reg[7] ( .D (n26),  .CLK (clk),  .RSTB (n165),  .Q (b_reg[7]));"
  The above instance has fewer port connections than the module definition.
  Please use '+lint=TFIPC-L' to print out detailed information of unconnected 
  ports.


Warning-[TFIPC] Too few instance port connections
mul32_mc_netlist.v, 4155
multiplier_mc, "DFFARX1_RVT \b_reg_reg[6] ( .D (n25),  .CLK (clk),  .RSTB (n165),  .Q (b_reg[6]));"
  The above instance has fewer port connections than the module definition.
  Please use '+lint=TFIPC-L' to print out detailed information of unconnected 
  ports.


Warning-[TFIPC] Too few instance port connections
mul32_mc_netlist.v, 4157
multiplier_mc, "DFFARX1_RVT \b_reg_reg[5] ( .D (n24),  .CLK (clk),  .RSTB (n165),  .Q (b_reg[5]));"
  The above instance has fewer port connections than the module definition.
  Please use '+lint=TFIPC-L' to print out detailed information of unconnected 
  ports.


Warning-[TFIPC] Too few instance port connections
mul32_mc_netlist.v, 4159
multiplier_mc, "DFFARX1_RVT \b_reg_reg[4] ( .D (n23),  .CLK (clk),  .RSTB (n165),  .Q (b_reg[4]));"
  The above instance has fewer port connections than the module definition.
  Please use '+lint=TFIPC-L' to print out detailed information of unconnected 
  ports.


Warning-[TFIPC] Too few instance port connections
mul32_mc_netlist.v, 4161
multiplier_mc, "DFFARX1_RVT \b_reg_reg[3] ( .D (n22),  .CLK (clk),  .RSTB (n165),  .Q (b_reg[3]));"
  The above instance has fewer port connections than the module definition.
  Please use '+lint=TFIPC-L' to print out detailed information of unconnected 
  ports.


Warning-[TFIPC] Too few instance port connections
mul32_mc_netlist.v, 4163
multiplier_mc, "DFFARX1_RVT \b_reg_reg[2] ( .D (n21),  .CLK (clk),  .RSTB (n165),  .Q (b_reg[2]));"
  The above instance has fewer port connections than the module definition.
  Please use '+lint=TFIPC-L' to print out detailed information of unconnected 
  ports.


Warning-[TFIPC] Too few instance port connections
mul32_mc_netlist.v, 4165
multiplier_mc, "DFFARX1_RVT \b_reg_reg[1] ( .D (n20),  .CLK (clk),  .RSTB (n165),  .Q (b_reg[1]));"
  The above instance has fewer port connections than the module definition.
  Please use '+lint=TFIPC-L' to print out detailed information of unconnected 
  ports.


Warning-[TFIPC] Too few instance port connections
mul32_mc_netlist.v, 4167
multiplier_mc, "DFFARX1_RVT \b_reg_reg[0] ( .D (n19),  .CLK (clk),  .RSTB (n165),  .Q (b_reg[0]));"
  The above instance has fewer port connections than the module definition.
  Please use '+lint=TFIPC-L' to print out detailed information of unconnected 
  ports.


Warning-[DDTC] Duplicate Timing Check is disabled
/pdk/SAED32_EDK/lib/stdcell_rvt/verilog/saed32nm.v, 1106
  The below duplicate timing check will be disabled:
  $width(negedge RSTB, 0, 0, notifier);


Warning-[DDTC] Duplicate Timing Check is disabled
/pdk/SAED32_EDK/lib/stdcell_rvt/verilog/saed32nm.v, 1229
  The below duplicate timing check will be disabled:
  $width(negedge RSTB, 0, 0, notifier);


Warning-[DDTC] Duplicate Timing Check is disabled
/pdk/SAED32_EDK/lib/stdcell_rvt/verilog/saed32nm.v, 1352
  The below duplicate timing check will be disabled:
  $width(negedge RSTB, 0, 0, notifier);


Warning-[DDTC] Duplicate Timing Check is disabled
/pdk/SAED32_EDK/lib/stdcell_rvt/verilog/saed32nm.v, 1475
  The below duplicate timing check will be disabled:
  $width(negedge RSTB, 0, 0, notifier);


Warning-[DDTC] Duplicate Timing Check is disabled
/pdk/SAED32_EDK/lib/stdcell_rvt/verilog/saed32nm.v, 2467
  The below duplicate timing check will be disabled:
  $width(posedge CLK, 0, 0, notifier);


Warning-[DDTC] Duplicate Timing Check is disabled
/pdk/SAED32_EDK/lib/stdcell_rvt/verilog/saed32nm.v, 2468
  The below duplicate timing check will be disabled:
  $width(negedge CLK, 0, 0, notifier);


Warning-[DDTC] Duplicate Timing Check is disabled
/pdk/SAED32_EDK/lib/stdcell_rvt/verilog/saed32nm.v, 2550
  The below duplicate timing check will be disabled:
  $width(posedge CLK, 0, 0, notifier);


Warning-[DDTC] Duplicate Timing Check is disabled
/pdk/SAED32_EDK/lib/stdcell_rvt/verilog/saed32nm.v, 2551
  The below duplicate timing check will be disabled:
  $width(negedge CLK, 0, 0, notifier);


Warning-[DDTC] Duplicate Timing Check is disabled
/pdk/SAED32_EDK/lib/stdcell_rvt/verilog/saed32nm.v, 2634
  The below duplicate timing check will be disabled:
  $width(posedge CLK, 0, 0, notifier);


Warning-[DDTC] Duplicate Timing Check is disabled
/pdk/SAED32_EDK/lib/stdcell_rvt/verilog/saed32nm.v, 2635
  The below duplicate timing check will be disabled:
  $width(negedge CLK, 0, 0, notifier);


Warning-[DDTC] Duplicate Timing Check is disabled
/pdk/SAED32_EDK/lib/stdcell_rvt/verilog/saed32nm.v, 2719
  The below duplicate timing check will be disabled:
  $width(posedge CLK, 0, 0, notifier);


Warning-[DDTC] Duplicate Timing Check is disabled
/pdk/SAED32_EDK/lib/stdcell_rvt/verilog/saed32nm.v, 2720
  The below duplicate timing check will be disabled:
  $width(negedge CLK, 0, 0, notifier);


Warning-[DDTC] Duplicate Timing Check is disabled
/pdk/SAED32_EDK/lib/stdcell_rvt/verilog/saed32nm.v, 2804
  The below duplicate timing check will be disabled:
  $width(posedge CLK, 0, 0, notifier);


Warning-[DDTC] Duplicate Timing Check is disabled
/pdk/SAED32_EDK/lib/stdcell_rvt/verilog/saed32nm.v, 2805
  The below duplicate timing check will be disabled:
  $width(negedge CLK, 0, 0, notifier);


Warning-[DDTC] Duplicate Timing Check is disabled
/pdk/SAED32_EDK/lib/stdcell_rvt/verilog/saed32nm.v, 2889
  The below duplicate timing check will be disabled:
  $width(posedge CLK, 0, 0, notifier);


Warning-[DDTC] Duplicate Timing Check is disabled
/pdk/SAED32_EDK/lib/stdcell_rvt/verilog/saed32nm.v, 2890
  The below duplicate timing check will be disabled:
  $width(negedge CLK, 0, 0, notifier);


Warning-[DDTC] Duplicate Timing Check is disabled
/pdk/SAED32_EDK/lib/stdcell_rvt/verilog/saed32nm.v, 2980
  The below duplicate timing check will be disabled:
  $width(negedge CLK, 0, 0, notifier);


Warning-[DDTC] Duplicate Timing Check is disabled
/pdk/SAED32_EDK/lib/stdcell_rvt/verilog/saed32nm.v, 3077
  The below duplicate timing check will be disabled:
  $width(negedge CLK, 0, 0, notifier);


Warning-[DDTC] Duplicate Timing Check is disabled
/pdk/SAED32_EDK/lib/stdcell_rvt/verilog/saed32nm.v, 3167
  The below duplicate timing check will be disabled:
  $width(posedge CLK, 0, 0, notifier);


Warning-[DDTC] Duplicate Timing Check is disabled
/pdk/SAED32_EDK/lib/stdcell_rvt/verilog/saed32nm.v, 3168
  The below duplicate timing check will be disabled:
  $width(negedge CLK, 0, 0, notifier);


Warning-[DDTC] Duplicate Timing Check is disabled
/pdk/SAED32_EDK/lib/stdcell_rvt/verilog/saed32nm.v, 3251
  The below duplicate timing check will be disabled:
  $width(posedge CLK, 0, 0, notifier);


Warning-[DDTC] Duplicate Timing Check is disabled
/pdk/SAED32_EDK/lib/stdcell_rvt/verilog/saed32nm.v, 3252
  The below duplicate timing check will be disabled:
  $width(negedge CLK, 0, 0, notifier);


Warning-[DDTC] Duplicate Timing Check is disabled
/pdk/SAED32_EDK/lib/stdcell_rvt/verilog/saed32nm.v, 3335
  The below duplicate timing check will be disabled:
  $width(posedge CLK, 0, 0, notifier);


Warning-[DDTC] Duplicate Timing Check is disabled
/pdk/SAED32_EDK/lib/stdcell_rvt/verilog/saed32nm.v, 3336
  The below duplicate timing check will be disabled:
  $width(negedge CLK, 0, 0, notifier);


Warning-[DDTC] Duplicate Timing Check is disabled
/pdk/SAED32_EDK/lib/stdcell_rvt/verilog/saed32nm.v, 3419
  The below duplicate timing check will be disabled:
  $width(posedge CLK, 0, 0, notifier);


Warning-[DDTC] Duplicate Timing Check is disabled
/pdk/SAED32_EDK/lib/stdcell_rvt/verilog/saed32nm.v, 3420
  The below duplicate timing check will be disabled:
  $width(negedge CLK, 0, 0, notifier);


Warning-[DDTC] Duplicate Timing Check is disabled
/pdk/SAED32_EDK/lib/stdcell_rvt/verilog/saed32nm.v, 3798
  The below duplicate timing check will be disabled:
  $width(negedge RSTB, 0, 0, notifier);


Warning-[DDTC] Duplicate Timing Check is disabled
/pdk/SAED32_EDK/lib/stdcell_rvt/verilog/saed32nm.v, 3904
  The below duplicate timing check will be disabled:
  $width(negedge RSTB, 0, 0, notifier);


Warning-[DDTC] Duplicate Timing Check is disabled
/pdk/SAED32_EDK/lib/stdcell_rvt/verilog/saed32nm.v, 4391
  The below duplicate timing check will be disabled:
  $width(negedge SETB, 0, 0, notifier);


Warning-[DDTC] Duplicate Timing Check is disabled
/pdk/SAED32_EDK/lib/stdcell_rvt/verilog/saed32nm.v, 4499
  The below duplicate timing check will be disabled:
  $width(negedge SETB, 0, 0, notifier);


Warning-[DDTC] Duplicate Timing Check is disabled
/pdk/SAED32_EDK/lib/stdcell_rvt/verilog/saed32nm.v, 4605
  The below duplicate timing check will be disabled:
  $width(negedge RSTB, 0, 0, notifier);


Warning-[DDTC] Duplicate Timing Check is disabled
/pdk/SAED32_EDK/lib/stdcell_rvt/verilog/saed32nm.v, 4711
  The below duplicate timing check will be disabled:
  $width(negedge RSTB, 0, 0, notifier);


Warning-[DDTC] Duplicate Timing Check is disabled
/pdk/SAED32_EDK/lib/stdcell_rvt/verilog/saed32nm.v, 5824
  The below duplicate timing check will be disabled:
  $width(negedge SETB, 0, 0, notifier);


Warning-[DDTC] Duplicate Timing Check is disabled
/pdk/SAED32_EDK/lib/stdcell_rvt/verilog/saed32nm.v, 5932
  The below duplicate timing check will be disabled:
  $width(negedge SETB, 0, 0, notifier);


Warning-[DDTC] Duplicate Timing Check is disabled
/pdk/SAED32_EDK/lib/stdcell_rvt/verilog/saed32nm.v, 8089
  The below duplicate timing check will be disabled:
  $width(negedge RSTB, 0, 0, notifier);


Warning-[DDTC] Duplicate Timing Check is disabled
/pdk/SAED32_EDK/lib/stdcell_rvt/verilog/saed32nm.v, 8186
  The below duplicate timing check will be disabled:
  $width(negedge RSTB, 0, 0, notifier);


Warning-[DDTC] Duplicate Timing Check is disabled
/pdk/SAED32_EDK/lib/stdcell_rvt/verilog/saed32nm.v, 9236
  The below duplicate timing check will be disabled:
  $width(negedge SETB, 0, 0, notifier);


Warning-[DDTC] Duplicate Timing Check is disabled
/pdk/SAED32_EDK/lib/stdcell_rvt/verilog/saed32nm.v, 9338
  The below duplicate timing check will be disabled:
  $width(negedge SETB, 0, 0, notifier);


Warning-[DDTC] Duplicate Timing Check is disabled
/pdk/SAED32_EDK/lib/stdcell_rvt/verilog/saed32nm.v, 9416
  The below duplicate timing check will be disabled:
  $width(posedge CLK, 0, 0, notifier);


Warning-[DDTCD] Duplicate Timing Check is detected
/pdk/SAED32_EDK/lib/stdcell_rvt/verilog/saed32nm.v, 9417
  The below Timing check is duplicate:
  $setuphold(negedge CLK, posedge D, 0, 0, notifier);


Warning-[DDTCD] Duplicate Timing Check is detected
/pdk/SAED32_EDK/lib/stdcell_rvt/verilog/saed32nm.v, 9418
  The below Timing check is duplicate:
  $setuphold(negedge CLK, negedge D, 0, 0, notifier);


Warning-[DDTC] Duplicate Timing Check is disabled
/pdk/SAED32_EDK/lib/stdcell_rvt/verilog/saed32nm.v, 9472
  The below duplicate timing check will be disabled:
  $width(posedge CLK, 0, 0, notifier);


Warning-[DDTCD] Duplicate Timing Check is detected
/pdk/SAED32_EDK/lib/stdcell_rvt/verilog/saed32nm.v, 9473
  The below Timing check is duplicate:
  $setuphold(negedge CLK, posedge D, 0, 0, notifier);


Warning-[DDTCD] Duplicate Timing Check is detected
/pdk/SAED32_EDK/lib/stdcell_rvt/verilog/saed32nm.v, 9474
  The below Timing check is duplicate:
  $setuphold(negedge CLK, negedge D, 0, 0, notifier);


Warning-[DDTC] Duplicate Timing Check is disabled
/pdk/SAED32_EDK/lib/stdcell_rvt/verilog/saed32nm.v, 13698
  The below duplicate timing check will be disabled:
  $recovery(posedge RSTB, posedge CLK, 0, notifier);


Warning-[DDTC] Duplicate Timing Check is disabled
/pdk/SAED32_EDK/lib/stdcell_rvt/verilog/saed32nm.v, 13793
  The below duplicate timing check will be disabled:
  $recovery(posedge RSTB, posedge CLK, 0, notifier);


Warning-[DDTC] Duplicate Timing Check is disabled
/pdk/SAED32_EDK/lib/stdcell_rvt/verilog/saed32nm.v, 14112
  The below duplicate timing check will be disabled:
  $recovery(posedge RSTB, posedge CLK, 0, notifier);


Warning-[DDTC] Duplicate Timing Check is disabled
/pdk/SAED32_EDK/lib/stdcell_rvt/verilog/saed32nm.v, 14246
  The below duplicate timing check will be disabled:
  $recovery(posedge RSTB, posedge CLK, 0, notifier);


Warning-[DDTC] Duplicate Timing Check is disabled
/pdk/SAED32_EDK/lib/stdcell_rvt/verilog/saed32nm.v, 14380
  The below duplicate timing check will be disabled:
  $recovery(posedge RSTB, posedge CLK, 0, notifier);


Warning-[DDTC] Duplicate Timing Check is disabled
/pdk/SAED32_EDK/lib/stdcell_rvt/verilog/saed32nm.v, 14514
  The below duplicate timing check will be disabled:
  $recovery(posedge RSTB, posedge CLK, 0, notifier);


Warning-[DDTC] Duplicate Timing Check is disabled
/pdk/SAED32_EDK/lib/stdcell_rvt/verilog/saed32nm.v, 15690
  The below duplicate timing check will be disabled:
  $recovery(posedge RSTB, posedge CLK, 0, notifier);


Warning-[DDTC] Duplicate Timing Check is disabled
/pdk/SAED32_EDK/lib/stdcell_rvt/verilog/saed32nm.v, 15697
  The below duplicate timing check will be disabled:
  $width(negedge RSTB, 0, 0, notifier);


Warning-[DDTC] Duplicate Timing Check is disabled
/pdk/SAED32_EDK/lib/stdcell_rvt/verilog/saed32nm.v, 15896
  The below duplicate timing check will be disabled:
  $recovery(posedge RSTB, posedge CLK, 0, notifier);


Warning-[DDTC] Duplicate Timing Check is disabled
/pdk/SAED32_EDK/lib/stdcell_rvt/verilog/saed32nm.v, 15903
  The below duplicate timing check will be disabled:
  $width(negedge RSTB, 0, 0, notifier);


Warning-[DDTC] Duplicate Timing Check is disabled
/pdk/SAED32_EDK/lib/stdcell_rvt/verilog/saed32nm.v, 18058
  The below duplicate timing check will be disabled:
  $recovery(posedge SETB, posedge CLK, 0, notifier);


Warning-[DDTC] Duplicate Timing Check is disabled
/pdk/SAED32_EDK/lib/stdcell_rvt/verilog/saed32nm.v, 18065
  The below duplicate timing check will be disabled:
  $width(negedge SETB, 0, 0, notifier);


Warning-[DDTC] Duplicate Timing Check is disabled
/pdk/SAED32_EDK/lib/stdcell_rvt/verilog/saed32nm.v, 18264
  The below duplicate timing check will be disabled:
  $recovery(posedge SETB, posedge CLK, 0, notifier);


Warning-[DDTC] Duplicate Timing Check is disabled
/pdk/SAED32_EDK/lib/stdcell_rvt/verilog/saed32nm.v, 18271
  The below duplicate timing check will be disabled:
  $width(negedge SETB, 0, 0, notifier);


Warning-[DDTC] Duplicate Timing Check is disabled
/pdk/SAED32_EDK/lib/stdcell_rvt/verilog/saed32nm.v, 18477
  The below duplicate timing check will be disabled:
  $width(negedge RSTB, 0, 0, notifier);


Warning-[DDTC] Duplicate Timing Check is disabled
/pdk/SAED32_EDK/lib/stdcell_rvt/verilog/saed32nm.v, 18683
  The below duplicate timing check will be disabled:
  $width(negedge RSTB, 0, 0, notifier);


Warning-[DDTC] Duplicate Timing Check is disabled
/pdk/SAED32_EDK/lib/stdcell_rvt/verilog/saed32nm.v, 19741
  The below duplicate timing check will be disabled:
  $width(negedge SETB, 0, 0, notifier);


Warning-[DDTC] Duplicate Timing Check is disabled
/pdk/SAED32_EDK/lib/stdcell_rvt/verilog/saed32nm.v, 19947
  The below duplicate timing check will be disabled:
  $width(negedge SETB, 0, 0, notifier);


Warning-[DDTC] Duplicate Timing Check is disabled
/pdk/SAED32_EDK/lib/stdcell_rvt/verilog/saed32nm.v, 21807
  The below duplicate timing check will be disabled:
  $recovery(posedge SETB, posedge CLK, 0, notifier);


Warning-[DDTC] Duplicate Timing Check is disabled
/pdk/SAED32_EDK/lib/stdcell_rvt/verilog/saed32nm.v, 21814
  The below duplicate timing check will be disabled:
  $width(negedge SETB, 0, 0, notifier);


Warning-[DDTC] Duplicate Timing Check is disabled
/pdk/SAED32_EDK/lib/stdcell_rvt/verilog/saed32nm.v, 21958
  The below duplicate timing check will be disabled:
  $recovery(posedge SETB, posedge CLK, 0, notifier);


Warning-[DDTC] Duplicate Timing Check is disabled
/pdk/SAED32_EDK/lib/stdcell_rvt/verilog/saed32nm.v, 21965
  The below duplicate timing check will be disabled:
  $width(negedge SETB, 0, 0, notifier);


Warning-[DDTC] Duplicate Timing Check is disabled
/pdk/SAED32_EDK/lib/stdcell_rvt/verilog/saed32nm.v, 22115
  The below duplicate timing check will be disabled:
  $recovery(posedge RSTB, posedge CLK, 0, notifier);


Warning-[DDTC] Duplicate Timing Check is disabled
/pdk/SAED32_EDK/lib/stdcell_rvt/verilog/saed32nm.v, 22122
  The below duplicate timing check will be disabled:
  $width(negedge RSTB, 0, 0, notifier);


Warning-[DDTC] Duplicate Timing Check is disabled
/pdk/SAED32_EDK/lib/stdcell_rvt/verilog/saed32nm.v, 22273
  The below duplicate timing check will be disabled:
  $recovery(posedge RSTB, posedge CLK, 0, notifier);


Warning-[DDTC] Duplicate Timing Check is disabled
/pdk/SAED32_EDK/lib/stdcell_rvt/verilog/saed32nm.v, 22280
  The below duplicate timing check will be disabled:
  $width(negedge RSTB, 0, 0, notifier);


Warning-[DDTC] Duplicate Timing Check is disabled
/pdk/SAED32_EDK/lib/stdcell_rvt/verilog/saed32nm.v, 22490
  The below duplicate timing check will be disabled:
  $width(negedge RSTB, 0, 0, notifier);


Warning-[DDTC] Duplicate Timing Check is disabled
/pdk/SAED32_EDK/lib/stdcell_rvt/verilog/saed32nm.v, 22501
  The below duplicate timing check will be disabled:
  $width(negedge SETB, 0, 0, notifier);


Warning-[DDTC] Duplicate Timing Check is disabled
/pdk/SAED32_EDK/lib/stdcell_rvt/verilog/saed32nm.v, 22722
  The below duplicate timing check will be disabled:
  $width(negedge RSTB, 0, 0, notifier);


Warning-[DDTC] Duplicate Timing Check is disabled
/pdk/SAED32_EDK/lib/stdcell_rvt/verilog/saed32nm.v, 22733
  The below duplicate timing check will be disabled:
  $width(negedge SETB, 0, 0, notifier);


Warning-[DDTC] Duplicate Timing Check is disabled
/pdk/SAED32_EDK/lib/stdcell_rvt/verilog/saed32nm.v, 22889
  The below duplicate timing check will be disabled:
  $recovery(posedge SETB, posedge CLK, 0, notifier);


Warning-[DDTC] Duplicate Timing Check is disabled
/pdk/SAED32_EDK/lib/stdcell_rvt/verilog/saed32nm.v, 22896
  The below duplicate timing check will be disabled:
  $width(negedge SETB, 0, 0, notifier);


Warning-[DDTC] Duplicate Timing Check is disabled
/pdk/SAED32_EDK/lib/stdcell_rvt/verilog/saed32nm.v, 23040
  The below duplicate timing check will be disabled:
  $recovery(posedge SETB, posedge CLK, 0, notifier);


Warning-[DDTC] Duplicate Timing Check is disabled
/pdk/SAED32_EDK/lib/stdcell_rvt/verilog/saed32nm.v, 23047
  The below duplicate timing check will be disabled:
  $width(negedge SETB, 0, 0, notifier);


Warning-[DDTC] Duplicate Timing Check is disabled
/pdk/SAED32_EDK/lib/stdcell_rvt/verilog/saed32nm.v, 23218
  The below duplicate timing check will be disabled:
  $recovery(posedge RSTB, posedge CLK, 0, notifier);


Warning-[DDTC] Duplicate Timing Check is disabled
/pdk/SAED32_EDK/lib/stdcell_rvt/verilog/saed32nm.v, 23225
  The below duplicate timing check will be disabled:
  $width(negedge RSTB, 0, 0, notifier);


Warning-[DDTC] Duplicate Timing Check is disabled
/pdk/SAED32_EDK/lib/stdcell_rvt/verilog/saed32nm.v, 23401
  The below duplicate timing check will be disabled:
  $recovery(posedge RSTB, posedge CLK, 0, notifier);


Warning-[DDTC] Duplicate Timing Check is disabled
/pdk/SAED32_EDK/lib/stdcell_rvt/verilog/saed32nm.v, 23408
  The below duplicate timing check will be disabled:
  $width(negedge RSTB, 0, 0, notifier);


Warning-[DDTC] Duplicate Timing Check is disabled
/pdk/SAED32_EDK/lib/stdcell_rvt/verilog/saed32nm.v, 23645
  The below duplicate timing check will be disabled:
  $width(negedge RSTB, 0, 0, notifier);


Warning-[DDTC] Duplicate Timing Check is disabled
/pdk/SAED32_EDK/lib/stdcell_rvt/verilog/saed32nm.v, 23660
  The below duplicate timing check will be disabled:
  $width(negedge SETB, 0, 0, notifier);


Warning-[DDTC] Duplicate Timing Check is disabled
/pdk/SAED32_EDK/lib/stdcell_rvt/verilog/saed32nm.v, 23904
  The below duplicate timing check will be disabled:
  $width(negedge RSTB, 0, 0, notifier);


Warning-[DDTC] Duplicate Timing Check is disabled
/pdk/SAED32_EDK/lib/stdcell_rvt/verilog/saed32nm.v, 23919
  The below duplicate timing check will be disabled:
  $width(negedge SETB, 0, 0, notifier);


Warning-[DDTC] Duplicate Timing Check is disabled
/pdk/SAED32_EDK/lib/stdcell_rvt/verilog/saed32nm.v, 24152
  The below duplicate timing check will be disabled:
  $width(negedge RSTB, 0, 0, notifier);


Warning-[DDTC] Duplicate Timing Check is disabled
/pdk/SAED32_EDK/lib/stdcell_rvt/verilog/saed32nm.v, 24167
  The below duplicate timing check will be disabled:
  $width(negedge SETB, 0, 0, notifier);


Warning-[DDTC] Duplicate Timing Check is disabled
/pdk/SAED32_EDK/lib/stdcell_rvt/verilog/saed32nm.v, 24400
  The below duplicate timing check will be disabled:
  $width(negedge RSTB, 0, 0, notifier);


Warning-[DDTC] Duplicate Timing Check is disabled
/pdk/SAED32_EDK/lib/stdcell_rvt/verilog/saed32nm.v, 24415
  The below duplicate timing check will be disabled:
  $width(negedge SETB, 0, 0, notifier);


Warning-[DDTC] Duplicate Timing Check is disabled
/pdk/SAED32_EDK/lib/stdcell_rvt/verilog/saed32nm.v, 24649
  The below duplicate timing check will be disabled:
  $width(negedge RSTB, 0, 0, notifier);


Warning-[DDTC] Duplicate Timing Check is disabled
/pdk/SAED32_EDK/lib/stdcell_rvt/verilog/saed32nm.v, 24664
  The below duplicate timing check will be disabled:
  $width(negedge SETB, 0, 0, notifier);


Warning-[DDTC] Duplicate Timing Check is disabled
/pdk/SAED32_EDK/lib/stdcell_rvt/verilog/saed32nm.v, 24898
  The below duplicate timing check will be disabled:
  $width(negedge RSTB, 0, 0, notifier);


Warning-[DDTC] Duplicate Timing Check is disabled
/pdk/SAED32_EDK/lib/stdcell_rvt/verilog/saed32nm.v, 24913
  The below duplicate timing check will be disabled:
  $width(negedge SETB, 0, 0, notifier);


Warning-[DDTC] Duplicate Timing Check is disabled
/pdk/SAED32_EDK/lib/stdcell_rvt/verilog/saed32nm.v, 25096
  The below duplicate timing check will be disabled:
  $recovery(posedge RSTB, posedge CLK, 0, notifier);


Warning-[DDTC] Duplicate Timing Check is disabled
/pdk/SAED32_EDK/lib/stdcell_rvt/verilog/saed32nm.v, 25103
  The below duplicate timing check will be disabled:
  $width(negedge RSTB, 0, 0, notifier);


Warning-[DDTC] Duplicate Timing Check is disabled
/pdk/SAED32_EDK/lib/stdcell_rvt/verilog/saed32nm.v, 25279
  The below duplicate timing check will be disabled:
  $recovery(posedge RSTB, posedge CLK, 0, notifier);


Warning-[DDTC] Duplicate Timing Check is disabled
/pdk/SAED32_EDK/lib/stdcell_rvt/verilog/saed32nm.v, 25286
  The below duplicate timing check will be disabled:
  $width(negedge RSTB, 0, 0, notifier);


Warning-[DDTC] Duplicate Timing Check is disabled
/pdk/SAED32_EDK/lib/stdcell_rvt/verilog/saed32nm.v, 25523
  The below duplicate timing check will be disabled:
  $width(negedge RSTB, 0, 0, notifier);


Warning-[DDTC] Duplicate Timing Check is disabled
/pdk/SAED32_EDK/lib/stdcell_rvt/verilog/saed32nm.v, 25538
  The below duplicate timing check will be disabled:
  $width(negedge SETB, 0, 0, notifier);


Warning-[DDTC] Duplicate Timing Check is disabled
/pdk/SAED32_EDK/lib/stdcell_rvt/verilog/saed32nm.v, 25782
  The below duplicate timing check will be disabled:
  $width(negedge RSTB, 0, 0, notifier);


Warning-[DDTC] Duplicate Timing Check is disabled
/pdk/SAED32_EDK/lib/stdcell_rvt/verilog/saed32nm.v, 25797
  The below duplicate timing check will be disabled:
  $width(negedge SETB, 0, 0, notifier);


Warning-[DDTC] Duplicate Timing Check is disabled
/pdk/SAED32_EDK/lib/stdcell_rvt/verilog/saed32nm.v, 25958
  The below duplicate timing check will be disabled:
  $recovery(posedge RSTB, posedge CLK, 0, notifier);


Warning-[DDTC] Duplicate Timing Check is disabled
/pdk/SAED32_EDK/lib/stdcell_rvt/verilog/saed32nm.v, 25965
  The below duplicate timing check will be disabled:
  $width(negedge RSTB, 0, 0, notifier);


Warning-[DDTC] Duplicate Timing Check is disabled
/pdk/SAED32_EDK/lib/stdcell_rvt/verilog/saed32nm.v, 26115
  The below duplicate timing check will be disabled:
  $recovery(posedge RSTB, posedge CLK, 0, notifier);


Warning-[DDTC] Duplicate Timing Check is disabled
/pdk/SAED32_EDK/lib/stdcell_rvt/verilog/saed32nm.v, 26122
  The below duplicate timing check will be disabled:
  $width(negedge RSTB, 0, 0, notifier);


Warning-[DDTC] Duplicate Timing Check is disabled
/pdk/SAED32_EDK/lib/stdcell_rvt/verilog/saed32nm.v, 26302
  The below duplicate timing check will be disabled:
  $width(negedge RSTB, 0, 0, notifier);


Warning-[DDTC] Duplicate Timing Check is disabled
/pdk/SAED32_EDK/lib/stdcell_rvt/verilog/saed32nm.v, 26313
  The below duplicate timing check will be disabled:
  $width(negedge SETB, 0, 0, notifier);


Warning-[DDTC] Duplicate Timing Check is disabled
/pdk/SAED32_EDK/lib/stdcell_rvt/verilog/saed32nm.v, 26501
  The below duplicate timing check will be disabled:
  $width(negedge RSTB, 0, 0, notifier);


Warning-[DDTC] Duplicate Timing Check is disabled
/pdk/SAED32_EDK/lib/stdcell_rvt/verilog/saed32nm.v, 26512
  The below duplicate timing check will be disabled:
  $width(negedge SETB, 0, 0, notifier);


Warning-[DDTC] Duplicate Timing Check is disabled
/pdk/SAED32_EDK/lib/stdcell_rvt/verilog/saed32nm.v, 26701
  The below duplicate timing check will be disabled:
  $width(negedge RSTB, 0, 0, notifier);


Warning-[DDTC] Duplicate Timing Check is disabled
/pdk/SAED32_EDK/lib/stdcell_rvt/verilog/saed32nm.v, 26712
  The below duplicate timing check will be disabled:
  $width(negedge SETB, 0, 0, notifier);


Warning-[DDTC] Duplicate Timing Check is disabled
/pdk/SAED32_EDK/lib/stdcell_rvt/verilog/saed32nm.v, 26901
  The below duplicate timing check will be disabled:
  $width(negedge RSTB, 0, 0, notifier);


Warning-[DDTC] Duplicate Timing Check is disabled
/pdk/SAED32_EDK/lib/stdcell_rvt/verilog/saed32nm.v, 26912
  The below duplicate timing check will be disabled:
  $width(negedge SETB, 0, 0, notifier);


Warning-[DDTC] Duplicate Timing Check is disabled
/pdk/SAED32_EDK/lib/stdcell_rvt/verilog/saed32nm.v, 27111
  The below duplicate timing check will be disabled:
  $width(negedge RSTB, 0, 0, notifier);


Warning-[DDTC] Duplicate Timing Check is disabled
/pdk/SAED32_EDK/lib/stdcell_rvt/verilog/saed32nm.v, 27122
  The below duplicate timing check will be disabled:
  $width(negedge SETB, 0, 0, notifier);


Warning-[DDTC] Duplicate Timing Check is disabled
/pdk/SAED32_EDK/lib/stdcell_rvt/verilog/saed32nm.v, 27321
  The below duplicate timing check will be disabled:
  $width(negedge RSTB, 0, 0, notifier);


Warning-[DDTC] Duplicate Timing Check is disabled
/pdk/SAED32_EDK/lib/stdcell_rvt/verilog/saed32nm.v, 27332
  The below duplicate timing check will be disabled:
  $width(negedge SETB, 0, 0, notifier);


Warning-[DDTC] Duplicate Timing Check is disabled
/pdk/SAED32_EDK/lib/stdcell_rvt/verilog/saed32nm.v, 28315
  The below duplicate timing check will be disabled:
  $recovery(posedge SETB, posedge CLK, 0, notifier);


Warning-[DDTC] Duplicate Timing Check is disabled
/pdk/SAED32_EDK/lib/stdcell_rvt/verilog/saed32nm.v, 28322
  The below duplicate timing check will be disabled:
  $width(negedge SETB, 0, 0, notifier);


Warning-[DDTC] Duplicate Timing Check is disabled
/pdk/SAED32_EDK/lib/stdcell_rvt/verilog/saed32nm.v, 28488
  The below duplicate timing check will be disabled:
  $recovery(posedge SETB, posedge CLK, 0, notifier);


Warning-[DDTC] Duplicate Timing Check is disabled
/pdk/SAED32_EDK/lib/stdcell_rvt/verilog/saed32nm.v, 28495
  The below duplicate timing check will be disabled:
  $width(negedge SETB, 0, 0, notifier);


Warning-[DDTC] Duplicate Timing Check is disabled
/pdk/SAED32_EDK/lib/stdcell_rvt/verilog/saed32nm.v, 28949
  The below duplicate timing check will be disabled:
  $recovery(posedge SETB, posedge CLK, 0, notifier);


Warning-[DDTC] Duplicate Timing Check is disabled
/pdk/SAED32_EDK/lib/stdcell_rvt/verilog/saed32nm.v, 28956
  The below duplicate timing check will be disabled:
  $width(negedge SETB, 0, 0, notifier);


Warning-[DDTC] Duplicate Timing Check is disabled
/pdk/SAED32_EDK/lib/stdcell_rvt/verilog/saed32nm.v, 29124
  The below duplicate timing check will be disabled:
  $recovery(posedge SETB, posedge CLK, 0, notifier);


Warning-[DDTC] Duplicate Timing Check is disabled
/pdk/SAED32_EDK/lib/stdcell_rvt/verilog/saed32nm.v, 29131
  The below duplicate timing check will be disabled:
  $width(negedge SETB, 0, 0, notifier);


   ***   $sdf_annotate() version 1.2R
   ***    SDF file: "mul32_mc.sdf"
   ***    Annotation scope: tb_multiplier_mc_gate.dut
   ***    No MTM selection argument specified
   ***    No SCALE FACTORS argument specified
   ***    No SCALE TYPE argument specified
   ***    MTM selection defaulted to "TOOL_CONTROL":
               (+typdelays compiled, TYPICAL delays selected)
   ***    SCALE FACTORS defaulted to "1.0:1.0:1.0":
   ***    SCALE TYPE defaulted to: "FROM_MTM"
   ***    Turnoff delay: "FROM_FILE"
   ***    Approximation (mipd) policy: "MAXIMUM"

   ***    SDF annotation begin: Sat Jul 11 21:05:00 2026


SDF Info: +pulse_r/100, +pulse_e/100 in effect

Warning-[SDFCOM_SWC] Simple Wire Connection
mul32_mc.sdf, 5771
module: FADDX1_RVT, "instance: tb_multiplier_mc_gate.dut.mult_18.S1_2_0"
  SDF Warning: The path from mult_18.S1_2_0.S to U129.A1 doesn't have a simple
  wire connection, delay will still be annotated.


Warning-[SDFCOM_SWC] Simple Wire Connection
mul32_mc.sdf, 5775
module: FADDX1_RVT, "instance: tb_multiplier_mc_gate.dut.mult_18.S1_3_0"
  SDF Warning: The path from mult_18.S1_3_0.S to U128.A1 doesn't have a simple
  wire connection, delay will still be annotated.


Warning-[SDFCOM_SWC] Simple Wire Connection
mul32_mc.sdf, 5779
module: FADDX1_RVT, "instance: tb_multiplier_mc_gate.dut.mult_18.S1_4_0"
  SDF Warning: The path from mult_18.S1_4_0.S to U127.A1 doesn't have a simple
  wire connection, delay will still be annotated.


Warning-[SDFCOM_SWC] Simple Wire Connection
mul32_mc.sdf, 5783
module: FADDX1_RVT, "instance: tb_multiplier_mc_gate.dut.mult_18.S1_5_0"
  SDF Warning: The path from mult_18.S1_5_0.S to U126.A1 doesn't have a simple
  wire connection, delay will still be annotated.


Warning-[SDFCOM_SWC] Simple Wire Connection
mul32_mc.sdf, 5787
module: FADDX1_RVT, "instance: tb_multiplier_mc_gate.dut.mult_18.S1_6_0"
  SDF Warning: The path from mult_18.S1_6_0.S to U125.A1 doesn't have a simple
  wire connection, delay will still be annotated.


Warning-[SDFCOM_SWC] Simple Wire Connection
mul32_mc.sdf, 5791
module: FADDX1_RVT, "instance: tb_multiplier_mc_gate.dut.mult_18.S1_7_0"
  SDF Warning: The path from mult_18.S1_7_0.S to U124.A1 doesn't have a simple
  wire connection, delay will still be annotated.


Warning-[SDFCOM_SWC] Simple Wire Connection
mul32_mc.sdf, 5795
module: FADDX1_RVT, "instance: tb_multiplier_mc_gate.dut.mult_18.S1_8_0"
  SDF Warning: The path from mult_18.S1_8_0.S to U123.A1 doesn't have a simple
  wire connection, delay will still be annotated.


Warning-[SDFCOM_SWC] Simple Wire Connection
mul32_mc.sdf, 5799
module: FADDX1_RVT, "instance: tb_multiplier_mc_gate.dut.mult_18.S1_9_0"
  SDF Warning: The path from mult_18.S1_9_0.S to U122.A1 doesn't have a simple
  wire connection, delay will still be annotated.


Warning-[SDFCOM_SWC] Simple Wire Connection
mul32_mc.sdf, 5803
module: FADDX1_RVT, "instance: tb_multiplier_mc_gate.dut.mult_18.S1_10_0"
  SDF Warning: The path from mult_18.S1_10_0.S to U121.A1 doesn't have a 
  simple wire connection, delay will still be annotated.

All future warnings not reported; use +sdfverbose to report them.

Warning-[SDFCOM_SWC] Simple Wire Connection
mul32_mc.sdf, 5807
module: FADDX1_RVT, "instance: tb_multiplier_mc_gate.dut.mult_18.S1_11_0"
  SDF Warning: The path from mult_18.S1_11_0.S to U120.A1 doesn't have a 
  simple wire connection, delay will still be annotated.

All future errors not reported; use +sdfverbose to report them.

          Total errors: 268
          Total warnings: 11
   ***    SDF annotation completed: Sat Jul 11 21:05:00 2026



Warning-[DRTZ] Detect delay value roundoff to 0
  Delay from design or SDF file roundoff to 0 based on timescale
  Please use switch -diag timescale to dump detailed information.

Starting vcs inline pass...
354 modules and 26 UDPs read.
	However, due to incremental compilation, no re-compilation is necessary.
rm -f _cuarc*.so _csrc*.so pre_vcsobj_*.so share_vcsobj_*.so
ld -shared  -Bsymbolic  -o .//../simv_mc_gate.daidir//_cuarc0.so objs/amcQw_d.o  \

rm -f _cuarc0.so
if [ -x ../simv_mc_gate ]; then chmod a-x ../simv_mc_gate; fi
g++  -o ../simv_mc_gate    -rdynamic  -Wl,-rpath='$ORIGIN'/simv_mc_gate.daidir -Wl,-rpath=./simv_mc_gate.daidir \
-Wl,-rpath=/synopsys/vcs/Q-2020.03-1/linux64/lib -L/synopsys/vcs/Q-2020.03-1/linux64/lib \
-Wl,-rpath-link=./     _17650_archive_1.so _prev_archive_1.so _cuarc0.so objs/udps/ZycYe.o \
objs/udps/Hz6M0.o objs/udps/cfY91.o objs/udps/E3u6e.o objs/udps/c8ZbZ.o objs/udps/YffJQ.o \
objs/udps/JzzcM.o objs/udps/KQQ1H.o objs/udps/Aw1WF.o objs/udps/Z0bgF.o objs/udps/mTxzr.o \
objs/udps/BcyNP.o objs/udps/CZfJ6.o objs/udps/u96GI.o objs/udps/mSfbM.o objs/udps/cdUtU.o \
objs/udps/LSJP2.o objs/udps/Ux6u8.o objs/udps/e37Qb.o objs/udps/K0FAD.o objs/udps/Gjg4Z.o \
objs/udps/hg6Rm.o objs/udps/Z0GwU.o objs/udps/JgPNT.o objs/udps/pNeY8.o objs/udps/y4a7N.o \
SIM_l.o       rmapats_mop.o rmapats.o rmar.o rmar_nd.o  rmar_llvm_0_1.o rmar_llvm_0_0.o \
-lnuma -lvirsim -lerrorinf -lsnpsmalloc -lvfs    -lvcsnew -lsimprofile -luclinative \
/synopsys/vcs/Q-2020.03-1/linux64/lib/vcs_tls.o   -Wl,-whole-archive -lvcsucli -Wl,-no-whole-archive \
_vcs_pli_stub_.o   /synopsys/vcs/Q-2020.03-1/linux64/lib/vcs_save_restore_new.o /synopsys/verdi/Q-2020.03-1/share/PLI/VCS/LINUX64/pli.a \
-ldl  -lc -lm -lpthread -ldl 
../simv_mc_gate up to date
CPU time: 1.292 seconds to compile + .191 seconds to elab + .256 seconds to link
