 
****************************************
Report : qor
Design : multiplier_mc
Version: S-2021.06-SP2
Date   : Sat Jul 11 18:47:33 2026
****************************************


  Timing Path Group 'clk'
  -----------------------------------
  Levels of Logic:               5.00
  Critical Path Length:          0.51
  Critical Path Slack:           0.46
  Critical Path Clk Period:      1.00
  Total Negative Slack:          0.00
  No. of Violating Paths:        0.00
  Worst Hold Violation:          0.00
  Total Hold Violation:          0.00
  No. of Hold Violations:        0.00
  -----------------------------------


  Cell Count
  -----------------------------------
  Hierarchical Cell Count:          2
  Hierarchical Port Count:        317
  Leaf Cell Count:               2742
  Buf/Inv Cell Count:             224
  Buf Cell Count:                 179
  Inv Cell Count:                  45
  CT Buf/Inv Cell Count:            0
  Combinational Cell Count:      2609
  Sequential Cell Count:          133
  Macro Count:                      0
  -----------------------------------


  Area
  -----------------------------------
  Combinational Area:     8149.889759
  Noncombinational Area:   946.432272
  Buf/Inv Area:            421.116627
  Total Buffer Area:           363.93
  Total Inverter Area:          57.18
  Macro/Black Box Area:      0.000000
  Net Area:               1548.311210
  -----------------------------------
  Cell Area:              9096.322031
  Design Area:           10644.633241


  Design Rules
  -----------------------------------
  Total Number of Nets:          3747
  Nets With Violations:             0
  Max Trans Violations:             0
  Max Cap Violations:               0
  -----------------------------------


  Hostname: icdesign21

  Compile CPU Statistics
  -----------------------------------------
  Resource Sharing:                    1.67
  Logic Optimization:                  0.52
  Mapping Optimization:                0.87
  -----------------------------------------
  Overall Compile Time:                3.71
  Overall Compile Wall Clock Time:     3.95

  --------------------------------------------------------------------

  Design  WNS: 0.00  TNS: 0.00  Number of Violating Paths: 0


  Design (Hold)  WNS: 0.00  TNS: 0.00  Number of Violating Paths: 0

  --------------------------------------------------------------------


1
