 
****************************************
Report : timing
        -path full
        -delay max
        -max_paths 10
Design : multiplier_mc
Version: S-2021.06-SP2
Date   : Sat Jul 11 18:47:33 2026
****************************************

Operating Conditions: tt1p05v25c   Library: saed32rvt_tt1p05v25c
Wire Load Model Mode: enclosed

  Startpoint: count_reg[0]
              (rising edge-triggered flip-flop clocked by clk)
  Endpoint: result_reg[62]
            (rising edge-triggered flip-flop clocked by clk)
  Path Group: clk
  Path Type: max

  Des/Clust/Port     Wire Load Model       Library
  ------------------------------------------------
  multiplier_mc      16000                 saed32rvt_tt1p05v25c

  Point                                    Incr       Path
  -----------------------------------------------------------
  clock clk (rise edge)                    0.00       0.00
  clock network delay (ideal)              0.00       0.00
  count_reg[0]/CLK (DFFARX1_RVT)           0.00       0.00 r
  count_reg[0]/Q (DFFARX1_RVT)             0.12       0.12 r
  U149/Y (AND2X1_RVT)                      0.05       0.17 r
  U180/Y (NAND3X2_RVT)                     0.09       0.26 f
  U152/Y (INVX0_RVT)                       0.09       0.35 r
  U169/Y (NBUFFX2_RVT)                     0.07       0.42 r
  U69/Y (AO22X1_RVT)                       0.08       0.50 r
  result_reg[62]/D (DFFARX1_RVT)           0.01       0.51 r
  data arrival time                                   0.51

  clock clk (rise edge)                    1.00       1.00
  clock network delay (ideal)              0.00       1.00
  result_reg[62]/CLK (DFFARX1_RVT)         0.00       1.00 r
  library setup time                      -0.03       0.97
  data required time                                  0.97
  -----------------------------------------------------------
  data required time                                  0.97
  data arrival time                                  -0.51
  -----------------------------------------------------------
  slack (MET)                                         0.46


  Startpoint: count_reg[0]
              (rising edge-triggered flip-flop clocked by clk)
  Endpoint: result_reg[0]
            (rising edge-triggered flip-flop clocked by clk)
  Path Group: clk
  Path Type: max

  Des/Clust/Port     Wire Load Model       Library
  ------------------------------------------------
  multiplier_mc      16000                 saed32rvt_tt1p05v25c

  Point                                    Incr       Path
  -----------------------------------------------------------
  clock clk (rise edge)                    0.00       0.00
  clock network delay (ideal)              0.00       0.00
  count_reg[0]/CLK (DFFARX1_RVT)           0.00       0.00 r
  count_reg[0]/Q (DFFARX1_RVT)             0.12       0.12 r
  U149/Y (AND2X1_RVT)                      0.05       0.17 r
  U180/Y (NAND3X2_RVT)                     0.09       0.26 f
  U152/Y (INVX0_RVT)                       0.09       0.35 r
  U168/Y (NBUFFX2_RVT)                     0.07       0.42 r
  U131/Y (AO22X1_RVT)                      0.08       0.50 r
  result_reg[0]/D (DFFARX1_RVT)            0.01       0.51 r
  data arrival time                                   0.51

  clock clk (rise edge)                    1.00       1.00
  clock network delay (ideal)              0.00       1.00
  result_reg[0]/CLK (DFFARX1_RVT)          0.00       1.00 r
  library setup time                      -0.03       0.97
  data required time                                  0.97
  -----------------------------------------------------------
  data required time                                  0.97
  data arrival time                                  -0.51
  -----------------------------------------------------------
  slack (MET)                                         0.46


  Startpoint: count_reg[0]
              (rising edge-triggered flip-flop clocked by clk)
  Endpoint: result_reg[1]
            (rising edge-triggered flip-flop clocked by clk)
  Path Group: clk
  Path Type: max

  Des/Clust/Port     Wire Load Model       Library
  ------------------------------------------------
  multiplier_mc      16000                 saed32rvt_tt1p05v25c

  Point                                    Incr       Path
  -----------------------------------------------------------
  clock clk (rise edge)                    0.00       0.00
  clock network delay (ideal)              0.00       0.00
  count_reg[0]/CLK (DFFARX1_RVT)           0.00       0.00 r
  count_reg[0]/Q (DFFARX1_RVT)             0.12       0.12 r
  U149/Y (AND2X1_RVT)                      0.05       0.17 r
  U180/Y (NAND3X2_RVT)                     0.09       0.26 f
  U152/Y (INVX0_RVT)                       0.09       0.35 r
  U168/Y (NBUFFX2_RVT)                     0.07       0.42 r
  U130/Y (AO22X1_RVT)                      0.08       0.50 r
  result_reg[1]/D (DFFARX1_RVT)            0.01       0.51 r
  data arrival time                                   0.51

  clock clk (rise edge)                    1.00       1.00
  clock network delay (ideal)              0.00       1.00
  result_reg[1]/CLK (DFFARX1_RVT)          0.00       1.00 r
  library setup time                      -0.03       0.97
  data required time                                  0.97
  -----------------------------------------------------------
  data required time                                  0.97
  data arrival time                                  -0.51
  -----------------------------------------------------------
  slack (MET)                                         0.46


  Startpoint: count_reg[0]
              (rising edge-triggered flip-flop clocked by clk)
  Endpoint: result_reg[2]
            (rising edge-triggered flip-flop clocked by clk)
  Path Group: clk
  Path Type: max

  Des/Clust/Port     Wire Load Model       Library
  ------------------------------------------------
  multiplier_mc      16000                 saed32rvt_tt1p05v25c

  Point                                    Incr       Path
  -----------------------------------------------------------
  clock clk (rise edge)                    0.00       0.00
  clock network delay (ideal)              0.00       0.00
  count_reg[0]/CLK (DFFARX1_RVT)           0.00       0.00 r
  count_reg[0]/Q (DFFARX1_RVT)             0.12       0.12 r
  U149/Y (AND2X1_RVT)                      0.05       0.17 r
  U180/Y (NAND3X2_RVT)                     0.09       0.26 f
  U152/Y (INVX0_RVT)                       0.09       0.35 r
  U168/Y (NBUFFX2_RVT)                     0.07       0.42 r
  U129/Y (AO22X1_RVT)                      0.08       0.50 r
  result_reg[2]/D (DFFARX1_RVT)            0.01       0.51 r
  data arrival time                                   0.51

  clock clk (rise edge)                    1.00       1.00
  clock network delay (ideal)              0.00       1.00
  result_reg[2]/CLK (DFFARX1_RVT)          0.00       1.00 r
  library setup time                      -0.03       0.97
  data required time                                  0.97
  -----------------------------------------------------------
  data required time                                  0.97
  data arrival time                                  -0.51
  -----------------------------------------------------------
  slack (MET)                                         0.46


  Startpoint: count_reg[0]
              (rising edge-triggered flip-flop clocked by clk)
  Endpoint: result_reg[3]
            (rising edge-triggered flip-flop clocked by clk)
  Path Group: clk
  Path Type: max

  Des/Clust/Port     Wire Load Model       Library
  ------------------------------------------------
  multiplier_mc      16000                 saed32rvt_tt1p05v25c

  Point                                    Incr       Path
  -----------------------------------------------------------
  clock clk (rise edge)                    0.00       0.00
  clock network delay (ideal)              0.00       0.00
  count_reg[0]/CLK (DFFARX1_RVT)           0.00       0.00 r
  count_reg[0]/Q (DFFARX1_RVT)             0.12       0.12 r
  U149/Y (AND2X1_RVT)                      0.05       0.17 r
  U180/Y (NAND3X2_RVT)                     0.09       0.26 f
  U152/Y (INVX0_RVT)                       0.09       0.35 r
  U168/Y (NBUFFX2_RVT)                     0.07       0.42 r
  U128/Y (AO22X1_RVT)                      0.08       0.50 r
  result_reg[3]/D (DFFARX1_RVT)            0.01       0.51 r
  data arrival time                                   0.51

  clock clk (rise edge)                    1.00       1.00
  clock network delay (ideal)              0.00       1.00
  result_reg[3]/CLK (DFFARX1_RVT)          0.00       1.00 r
  library setup time                      -0.03       0.97
  data required time                                  0.97
  -----------------------------------------------------------
  data required time                                  0.97
  data arrival time                                  -0.51
  -----------------------------------------------------------
  slack (MET)                                         0.46


  Startpoint: count_reg[0]
              (rising edge-triggered flip-flop clocked by clk)
  Endpoint: result_reg[4]
            (rising edge-triggered flip-flop clocked by clk)
  Path Group: clk
  Path Type: max

  Des/Clust/Port     Wire Load Model       Library
  ------------------------------------------------
  multiplier_mc      16000                 saed32rvt_tt1p05v25c

  Point                                    Incr       Path
  -----------------------------------------------------------
  clock clk (rise edge)                    0.00       0.00
  clock network delay (ideal)              0.00       0.00
  count_reg[0]/CLK (DFFARX1_RVT)           0.00       0.00 r
  count_reg[0]/Q (DFFARX1_RVT)             0.12       0.12 r
  U149/Y (AND2X1_RVT)                      0.05       0.17 r
  U180/Y (NAND3X2_RVT)                     0.09       0.26 f
  U152/Y (INVX0_RVT)                       0.09       0.35 r
  U168/Y (NBUFFX2_RVT)                     0.07       0.42 r
  U127/Y (AO22X1_RVT)                      0.08       0.50 r
  result_reg[4]/D (DFFARX1_RVT)            0.01       0.51 r
  data arrival time                                   0.51

  clock clk (rise edge)                    1.00       1.00
  clock network delay (ideal)              0.00       1.00
  result_reg[4]/CLK (DFFARX1_RVT)          0.00       1.00 r
  library setup time                      -0.03       0.97
  data required time                                  0.97
  -----------------------------------------------------------
  data required time                                  0.97
  data arrival time                                  -0.51
  -----------------------------------------------------------
  slack (MET)                                         0.46


  Startpoint: count_reg[0]
              (rising edge-triggered flip-flop clocked by clk)
  Endpoint: result_reg[5]
            (rising edge-triggered flip-flop clocked by clk)
  Path Group: clk
  Path Type: max

  Des/Clust/Port     Wire Load Model       Library
  ------------------------------------------------
  multiplier_mc      16000                 saed32rvt_tt1p05v25c

  Point                                    Incr       Path
  -----------------------------------------------------------
  clock clk (rise edge)                    0.00       0.00
  clock network delay (ideal)              0.00       0.00
  count_reg[0]/CLK (DFFARX1_RVT)           0.00       0.00 r
  count_reg[0]/Q (DFFARX1_RVT)             0.12       0.12 r
  U149/Y (AND2X1_RVT)                      0.05       0.17 r
  U180/Y (NAND3X2_RVT)                     0.09       0.26 f
  U152/Y (INVX0_RVT)                       0.09       0.35 r
  U168/Y (NBUFFX2_RVT)                     0.07       0.42 r
  U126/Y (AO22X1_RVT)                      0.08       0.50 r
  result_reg[5]/D (DFFARX1_RVT)            0.01       0.51 r
  data arrival time                                   0.51

  clock clk (rise edge)                    1.00       1.00
  clock network delay (ideal)              0.00       1.00
  result_reg[5]/CLK (DFFARX1_RVT)          0.00       1.00 r
  library setup time                      -0.03       0.97
  data required time                                  0.97
  -----------------------------------------------------------
  data required time                                  0.97
  data arrival time                                  -0.51
  -----------------------------------------------------------
  slack (MET)                                         0.46


  Startpoint: count_reg[0]
              (rising edge-triggered flip-flop clocked by clk)
  Endpoint: result_reg[6]
            (rising edge-triggered flip-flop clocked by clk)
  Path Group: clk
  Path Type: max

  Des/Clust/Port     Wire Load Model       Library
  ------------------------------------------------
  multiplier_mc      16000                 saed32rvt_tt1p05v25c

  Point                                    Incr       Path
  -----------------------------------------------------------
  clock clk (rise edge)                    0.00       0.00
  clock network delay (ideal)              0.00       0.00
  count_reg[0]/CLK (DFFARX1_RVT)           0.00       0.00 r
  count_reg[0]/Q (DFFARX1_RVT)             0.12       0.12 r
  U149/Y (AND2X1_RVT)                      0.05       0.17 r
  U180/Y (NAND3X2_RVT)                     0.09       0.26 f
  U152/Y (INVX0_RVT)                       0.09       0.35 r
  U168/Y (NBUFFX2_RVT)                     0.07       0.42 r
  U125/Y (AO22X1_RVT)                      0.08       0.50 r
  result_reg[6]/D (DFFARX1_RVT)            0.01       0.51 r
  data arrival time                                   0.51

  clock clk (rise edge)                    1.00       1.00
  clock network delay (ideal)              0.00       1.00
  result_reg[6]/CLK (DFFARX1_RVT)          0.00       1.00 r
  library setup time                      -0.03       0.97
  data required time                                  0.97
  -----------------------------------------------------------
  data required time                                  0.97
  data arrival time                                  -0.51
  -----------------------------------------------------------
  slack (MET)                                         0.46


  Startpoint: count_reg[0]
              (rising edge-triggered flip-flop clocked by clk)
  Endpoint: result_reg[7]
            (rising edge-triggered flip-flop clocked by clk)
  Path Group: clk
  Path Type: max

  Des/Clust/Port     Wire Load Model       Library
  ------------------------------------------------
  multiplier_mc      16000                 saed32rvt_tt1p05v25c

  Point                                    Incr       Path
  -----------------------------------------------------------
  clock clk (rise edge)                    0.00       0.00
  clock network delay (ideal)              0.00       0.00
  count_reg[0]/CLK (DFFARX1_RVT)           0.00       0.00 r
  count_reg[0]/Q (DFFARX1_RVT)             0.12       0.12 r
  U149/Y (AND2X1_RVT)                      0.05       0.17 r
  U180/Y (NAND3X2_RVT)                     0.09       0.26 f
  U152/Y (INVX0_RVT)                       0.09       0.35 r
  U168/Y (NBUFFX2_RVT)                     0.07       0.42 r
  U124/Y (AO22X1_RVT)                      0.08       0.50 r
  result_reg[7]/D (DFFARX1_RVT)            0.01       0.51 r
  data arrival time                                   0.51

  clock clk (rise edge)                    1.00       1.00
  clock network delay (ideal)              0.00       1.00
  result_reg[7]/CLK (DFFARX1_RVT)          0.00       1.00 r
  library setup time                      -0.03       0.97
  data required time                                  0.97
  -----------------------------------------------------------
  data required time                                  0.97
  data arrival time                                  -0.51
  -----------------------------------------------------------
  slack (MET)                                         0.46


  Startpoint: count_reg[0]
              (rising edge-triggered flip-flop clocked by clk)
  Endpoint: result_reg[8]
            (rising edge-triggered flip-flop clocked by clk)
  Path Group: clk
  Path Type: max

  Des/Clust/Port     Wire Load Model       Library
  ------------------------------------------------
  multiplier_mc      16000                 saed32rvt_tt1p05v25c

  Point                                    Incr       Path
  -----------------------------------------------------------
  clock clk (rise edge)                    0.00       0.00
  clock network delay (ideal)              0.00       0.00
  count_reg[0]/CLK (DFFARX1_RVT)           0.00       0.00 r
  count_reg[0]/Q (DFFARX1_RVT)             0.12       0.12 r
  U149/Y (AND2X1_RVT)                      0.05       0.17 r
  U180/Y (NAND3X2_RVT)                     0.09       0.26 f
  U152/Y (INVX0_RVT)                       0.09       0.35 r
  U168/Y (NBUFFX2_RVT)                     0.07       0.42 r
  U123/Y (AO22X1_RVT)                      0.08       0.50 r
  result_reg[8]/D (DFFARX1_RVT)            0.01       0.51 r
  data arrival time                                   0.51

  clock clk (rise edge)                    1.00       1.00
  clock network delay (ideal)              0.00       1.00
  result_reg[8]/CLK (DFFARX1_RVT)          0.00       1.00 r
  library setup time                      -0.03       0.97
  data required time                                  0.97
  -----------------------------------------------------------
  data required time                                  0.97
  data arrival time                                  -0.51
  -----------------------------------------------------------
  slack (MET)                                         0.46


1
