# Preference setting overrides
gui_set_pref_value -category {Driver} -key {driver_link_to_schematic} -value {true}
gui_set_pref_value -category {Driver} -key {driver_link_to_source} -value {false}
gui_create_pref_key -category {Globals} -key {load_detail_for_funcov} -value_type {bool} -value {false}
gui_create_pref_category -category {schem_obj_name}
gui_create_pref_key -category {schem_obj_name} -key {show_cell_and_pin_with_symbol_name} -value_type {bool} -value {false}
gui_create_pref_key -category {schem_pin_hc} -key {textExtFont} -value_type {string} -value {Helvetica,10,-1,5,50,0,0,0,0,0}

# State setting overrides
gui_state_default_create -off -ini
gui_set_state_value -category Globals -key open_memory_inside -value false
gui_set_state_value -category Globals -key recent_databases -value {{gui_open_db -file multiplier.vpd -design V1} {gui_open_db -file multiplier.vpd} {gui_open_db -file multiplier_mc_gate.vpd -design V1} {gui_open_db -file multiplier_mc_gate.vpd} {gui_open_db -file sdf/multiplier_mc_gate.vpd}}
gui_set_state_value -category Globals -key recent_sessions -value {{gui_load_session -ignore_errors -file /home/cheeren/Desktop/module4_new/3_gls/session.multiplier_mc_gate.vpd.tcl} {gui_load_session -ignore_errors -file /home/cheeren/Desktop/module4_new/1_rtl_sim/multi/session.multipler_mc.vpd.tcl} {gui_load_session -ignore_errors -file /home/cheeren/Desktop/module4_new/1_rtl_sim/single/session.multiplier.vpd.tcl} {gui_load_session -ignore_errors -file /home/cheeren/Desktop/module4_new/1_rtl_sim/session.multiplier_32_single_cycle.vpd.tcl} {gui_load_session -ignore_errors -file /home/cheeren/Desktop/picorv32/3_gls/session.testbench.vpd.tcl}}
gui_set_state_value -category Layout -key child_assertion_size_x -value 1023
gui_set_state_value -category Layout -key child_assertion_size_y -value 294
gui_set_state_value -category Layout -key child_console_size_x -value 1023
gui_set_state_value -category Layout -key child_console_size_y -value 160
gui_set_state_value -category Layout -key child_data_colvalue -value 14
gui_set_state_value -category Layout -key child_data_colvariable -value 213
gui_set_state_value -category Layout -key child_data_size_x -value 248
gui_set_state_value -category Layout -key child_data_size_y -value 409
gui_set_state_value -category Layout -key child_driver_docknewline -value true
gui_set_state_value -category Layout -key child_driver_size_x -value 1023
gui_set_state_value -category Layout -key child_driver_size_y -value 105
gui_set_state_value -category Layout -key child_hier_col3 -value {-1}
gui_set_state_value -category Layout -key child_hier_colhier -value 160
gui_set_state_value -category Layout -key child_hier_colpd -value 0
gui_set_state_value -category Layout -key child_hier_coltype -value 54
gui_set_state_value -category Layout -key child_hier_size_x -value 212
gui_set_state_value -category Layout -key child_hier_size_y -value 409
gui_set_state_value -category Layout -key child_list_down -value 419
gui_set_state_value -category Layout -key child_list_right -value 868
gui_set_state_value -category Layout -key child_memory_docknewline -value false
gui_set_state_value -category Layout -key child_memory_pos_x -value 2
gui_set_state_value -category Layout -key child_memory_pos_y -value 2
gui_set_state_value -category Layout -key child_memory_size_x -value 380
gui_set_state_value -category Layout -key child_memory_size_y -value 232
gui_set_state_value -category Layout -key child_schematic_docknewline -value false
gui_set_state_value -category Layout -key child_schematic_pos_x -value {-2}
gui_set_state_value -category Layout -key child_schematic_pos_y -value {-15}
gui_set_state_value -category Layout -key child_schematic_size_x -value 596
gui_set_state_value -category Layout -key child_schematic_size_y -value 386
gui_set_state_value -category Layout -key child_source_docknewline -value false
gui_set_state_value -category Layout -key child_source_pos_x -value {-2}
gui_set_state_value -category Layout -key child_source_pos_y -value {-15}
gui_set_state_value -category Layout -key child_source_size_x -value 566
gui_set_state_value -category Layout -key child_source_size_y -value 404
gui_set_state_value -category Layout -key child_watch_size_x -value 623
gui_set_state_value -category Layout -key child_watch_size_y -value 161
gui_set_state_value -category Layout -key child_wave_colname -value 132
gui_set_state_value -category Layout -key child_wave_colvalue -value 57
gui_set_state_value -category Layout -key child_wave_docknewline -value false
gui_set_state_value -category Layout -key child_wave_left -value 193
gui_set_state_value -category Layout -key child_wave_pos_x -value {-2}
gui_set_state_value -category Layout -key child_wave_pos_y -value {-15}
gui_set_state_value -category Layout -key child_wave_right -value 825
gui_set_state_value -category Layout -key child_wave_size_x -value 1028
gui_set_state_value -category Layout -key child_wave_size_y -value 389
gui_set_state_value -category Layout -key main_pos_x -value 1
gui_set_state_value -category Layout -key main_pos_y -value 66
gui_set_state_value -category Layout -key main_size_x -value 1024
gui_set_state_value -category Layout -key main_size_y -value 734
gui_set_state_value -category Layout -key stand_list_child_docknewline -value false
gui_set_state_value -category Layout -key stand_list_child_pos_x -value {-2}
gui_set_state_value -category Layout -key stand_list_child_pos_y -value {-15}
gui_set_state_value -category Layout -key stand_list_child_size_x -value 1028
gui_set_state_value -category Layout -key stand_list_child_size_y -value 564
gui_set_state_value -category Layout -key stand_list_top_pos_x -value 263
gui_set_state_value -category Layout -key stand_list_top_pos_y -value 222
gui_set_state_value -category Layout -key stand_list_top_size_x -value 1286
gui_set_state_value -category Layout -key stand_list_top_size_y -value 890
gui_set_state_value -category Layout -key stand_source_child_docknewline -value false
gui_set_state_value -category Layout -key stand_source_child_size_x -value 364
gui_set_state_value -category Layout -key stand_source_child_size_y -value 294
gui_set_state_value -category Layout -key stand_wave_child_docknewline -value false
gui_set_state_value -category Layout -key stand_wave_child_pos_x -value {-2}
gui_set_state_value -category Layout -key stand_wave_child_pos_y -value {-15}
gui_set_state_value -category Layout -key stand_wave_child_size_x -value 1028
gui_set_state_value -category Layout -key stand_wave_child_size_y -value 564
gui_set_state_value -category Layout -key stand_wave_top_pos_x -value 1
gui_set_state_value -category Layout -key stand_wave_top_pos_y -value 103
gui_set_state_value -category Layout -key stand_wave_top_size_x -value 1024
gui_set_state_value -category Layout -key stand_wave_top_size_y -value 771
gui_set_state_value -category Assertion -key show_assertion_type -value all
gui_create_state_key -category FindDialog -key m_pMatchCase -value_type bool -value false
gui_create_state_key -category FindDialog -key m_pMatchWord -value_type bool -value false
gui_create_state_key -category FindDialog -key m_pUseCombo -value_type string -value {}
gui_create_state_key -category FindDialog -key m_pWrapAround -value_type bool -value true
gui_create_state_key -category Widget_History -key TopLevel.1|qt_left_dock|DockWnd2|DLPane.1|pages|Data.1|hbox|textfilter -value_type string -value {AER fill {}}
gui_state_default_create -off

# Begin command logging
gui_open_db -file multiplier_mc.vpd
gui_list_select -id Wave.1 -selected  { Group1   }
gui_marker_move -id  Wave.1 C1 12500
gui_close_window -window TopLevel.2
